ca65 V2.13.3 - (C) Copyright 1998-2012 Ullrich von Bassewitz
Main file   : main.s
Current file: main.s

000000r 1               ;
000000r 1               ; File generated by cc65 v 2.13.3
000000r 1               ;
000000r 1               	.fopt		compiler,"cc65 v 2.13.3"
000000r 1               	.setcpu		"6502"
000000r 1               	.smart		on
000000r 1               	.autoimport	on
000000r 1               	.case		on
000000r 1               	.debuginfo	off
000000r 1               	.importzp	sp, sreg, regsave, regbank, tmp1, ptr1, ptr2
000000r 1               	.macpack	longbranch
000000r 1               	.forceimport	__STARTUP__
000000r 1               	.export		_main
000000r 1               
000000r 1               ; ---------------------------------------------------------------
000000r 1               ; void __near__ main (void)
000000r 1               ; ---------------------------------------------------------------
000000r 1               
000000r 1               .segment	"CODE"
000000r 1               
000000r 1               .proc	_main: near
000000r 1               
000000r 1               .segment	"CODE"
000000r 1               
000000r 1  4C rr rr     L0003:	jmp     L0003
000003r 1               
000003r 1               .endproc
000003r 1               
000003r 1               
