ca65 V2.13.3 - (C) Copyright 1998-2012 Ullrich von Bassewitz
Main file   : nsd_func.s
Current file: nsd_func.s

000000r 1               
000000r 1               	.setcpu		"6502"
000000r 1               
000000r 1               	.export		_nsd_init
000000r 1               	.export		_nsd_set_dpcm
000000r 1               	.export		_nsd_play_bgm
000000r 1               	.export		_nsd_stop_bgm
000000r 1               	.export		_nsd_play_se
000000r 1               	.export		_nsd_stop_se
000000r 1               
000000r 1               	.import		_nsd_snd_init
000000r 1               	.import		_nsd_snd_sweep
000000r 1               	.import		nsd_work
000000r 1               	.importzp	nsd_work_zp
000000r 1               
000000r 1               	.include	"nes.inc"
000000r 2               ;
000000r 2               ; NES definitions. By Groepaz/Hitmem.
000000r 2               ;
000000r 2               
000000r 2               
000000r 2               ;; FIXME: optimize zeropage usage
000000r 2               
000000r 2               SCREEN_PTR	= $62           ;2
000000r 2               CRAM_PTR        = $64           ;2
000000r 2               CHARCOLOR	= $66
000000r 2               BGCOLOR		= $67
000000r 2               RVS		= $68
000000r 2               CURS_X		= $69
000000r 2               CURS_Y		= $6a
000000r 2               
000000r 2               tickcount       = $6b           ;2
000000r 2               
000000r 2               VBLANK_FLAG	= $70
000000r 2               
000000r 2               ringbuff        = $0200
000000r 2               ringwrite       = $71
000000r 2               ringread        = $72
000000r 2               ringcount       = $73
000000r 2               
000000r 2               ppuhi           = $74
000000r 2               ppulo           = $75
000000r 2               ppuval          = $76
000000r 2               
000000r 2               screenrows 	= (30-1)
000000r 2               charsperline    = 32
000000r 2               xsize           = charsperline
000000r 2               
000000r 2               ;; PPU defines
000000r 2               
000000r 2               PPU_CTRL1      	= $2000
000000r 2               PPU_CTRL2	= $2001
000000r 2               PPU_STATUS	= $2002
000000r 2               PPU_SPR_ADDR	= $2003
000000r 2               PPU_SPR_IO  	= $2004
000000r 2               PPU_VRAM_ADDR1	= $2005
000000r 2               PPU_VRAM_ADDR2	= $2006
000000r 2               PPU_VRAM_IO	= $2007
000000r 2               
000000r 2               ;; APU defines
000000r 2               
000000r 2               APU_PULSE1CTRL  = $4000         ; Pulse #1 Control Register (W)
000000r 2               APU_PULSE1RAMP  = $4001         ; Pulse #1 Ramp Control Register (W)
000000r 2               APU_PULSE1FTUNE = $4002         ; Pulse #1 Fine Tune (FT) Register (W)
000000r 2               APU_PULSE1CTUNE = $4003         ; Pulse #1 Coarse Tune (CT) Register (W)
000000r 2               APU_PULSE2CTRL  = $4004         ; Pulse #2 Control Register (W)
000000r 2               APU_PULSE2RAMP  = $4005         ; Pulse #2 Ramp Control Register (W)
000000r 2               APU_PULSE2FTUNE = $4006         ; Pulse #2 Fine Tune Register (W)
000000r 2               APU_PULSE2STUNE = $4007         ; Pulse #2 Coarse Tune Register (W)
000000r 2               APU_TRICTRL1    = $4008         ; Triangle Control Register #1 (W)
000000r 2               APU_TRICTRL2    = $4009         ; Triangle Control Register #2 (?)
000000r 2               APU_TRIFREQ1    = $400A         ; Triangle Frequency Register #1 (W)
000000r 2               APU_TRIFREQ2    = $400B         ; Triangle Frequency Register #2 (W)
000000r 2               APU_NOISECTRL   = $400C         ; Noise Control Register #1 (W)
000000r 2               ;;APU_ = $400D  ; Unused (???)
000000r 2               APU_NOISEFREQ1  = $400E         ; Noise Frequency Register #1 (W)
000000r 2               APU_NOISEFREQ2  = $400F         ; Noise Frequency Register #2 (W)
000000r 2               APU_MODCTRL     = $4010         ; Delta Modulation Control Register (W)
000000r 2               APU_MODDA       = $4011         ; Delta Modulation D/A Register (W)
000000r 2               APU_MODADDR     = $4012         ; Delta Modulation Address Register (W)
000000r 2               APU_MODLEN      = $4013         ; Delta Modulation Data Length Register (W)
000000r 2               APU_SPR_DMA    	= $4014         ; Sprite DMA Register (W)
000000r 2               APU_CHANCTRL   	= $4015         ; Sound/Vertical Clock Signal Register (R)
000000r 2               APU_PAD1       	= $4016         ; Joypad #1 (RW)
000000r 2               APU_PAD2	= $4017         ; Joypad #2/SOFTCLK (RW)
000000r 2               
000000r 2               
000000r 2               CH_HLINE    	= 11
000000r 2               CH_VLINE    	= 14
000000r 2               CH_ULCORNER 	= 176
000000r 2               CH_URCORNER 	= 174
000000r 2               CH_LLCORNER 	= 173
000000r 2               CH_LRCORNER 	= 189
000000r 2               CH_TTEE	    	= 178
000000r 2               CH_RTEE	    	= 179
000000r 2               CH_BTEE	    	= 177
000000r 2               CH_LTEE	    	= 171
000000r 2               CH_CROSS    	= 123
000000r 2               CH_CURS_UP     	= 145
000000r 2               CH_CURS_DOWN	= 17
000000r 2               CH_CURS_LEFT	= 157
000000r 2               CH_CURS_RIGHT	= 29
000000r 2               CH_PI		= 126
000000r 2               CH_DEL		= 20
000000r 2               CH_INS		= 148
000000r 2               CH_ENTER        = 10
000000r 2               CH_STOP         = 3
000000r 2               CH_ESC          = 27
000000r 2               
000000r 2               
000000r 1               	.include	"nsd.inc"
000000r 2               
000000r 2               ;---------------------------------------
000000r 2               ;General Define
000000r 2               .scope	nsd
000000r 2               	APU_Track	= 5		;
000000r 2               
000000r 2               	TR_FDS		= APU_Track * 2
000000r 2               	.ifdef	FDS
000000r 2               		FDS_Track	= 1		;
000000r 2               	.else
000000r 2               		FDS_Track	= 0		;
000000r 2               	.endif
000000r 2               
000000r 2               	TR_VRC6		= TR_FDS + FDS_Track * 2
000000r 2               	.ifdef	VRC6
000000r 2               		VRC6_Track	= 3		;
000000r 2               	.else
000000r 2               		VRC6_Track	= 0		;
000000r 2               	.endif
000000r 2               
000000r 2               	TR_VRC7		= TR_VRC6 + VRC6_Track * 2
000000r 2               	.ifdef	VRC7
000000r 2               		VRC7_Track	= 6		;
000000r 2               	.else
000000r 2               		VRC7_Track	= 0		;
000000r 2               	.endif
000000r 2               
000000r 2               	TR_MMC5		= TR_VRC7 + VRC7_Track * 2
000000r 2               	.ifdef	MMC5
000000r 2               		MMC5_Track	= 2		; (without DPCM)
000000r 2               	.else
000000r 2               		MMC5_Track	= 0		;
000000r 2               	.endif
000000r 2               
000000r 2               	TR_N163		= TR_MMC5 + MMC5_Track * 2
000000r 2               	.ifdef	N163
000000r 2               		N163_Track	= 8		;
000000r 2               	.else
000000r 2               		N163_Track	= 0		;
000000r 2               	.endif
000000r 2               
000000r 2               	TR_PSG		= TR_N163 + N163_Track * 2
000000r 2               	.ifdef	PSG
000000r 2               		PSG_Track	= 3		;
000000r 2               	.else
000000r 2               		PSG_Track	= 0		;
000000r 2               	.endif
000000r 2               
000000r 2               	BGM_Track	= APU_Track + FDS_Track + VRC6_Track + VRC7_Track + MMC5_Track + N163_Track + PSG_Track
000000r 2               	SE_Track	= 2		;
000000r 2               
000000r 2               	Track		= BGM_Track + SE_Track
000000r 2               
000000r 2               	TR_BGM1		= 0
000000r 2               	TR_BGM2		= 2
000000r 2               	TR_BGM3		= 4
000000r 2               	TR_BGM4		= 6
000000r 2               	TR_BGM5		= 8
000000r 2               	TR_SE1		= BGM_Track * 2 + 0
000000r 2               	TR_SE2		= BGM_Track * 2 + 2
000000r 2               
000000r 2               .endscope
000000r 2               
000000r 2               ;---------------------------------------
000000r 2               ;FDS define
000000r 2               
000000r 2               FDS_Wave_Table		= $4040		; to $407F
000000r 2               FDS_Volume		= $4080
000000r 2               FDS_FTUNE		= $4082
000000r 2               FDS_CTUNE		= $4083
000000r 2               FDS_Sweep_Envelope	= $4084
000000r 2               FDS_Sweep_Bias		= $4085
000000r 2               FDS_Mod_FTUNE		= $4086
000000r 2               FDS_Mod_CTUNE		= $4087
000000r 2               FDS_Mod_Append		= $4088
000000r 2               FDS_Write_Enable	= $4089
000000r 2               FDS_Envelope_Speed	= $408A
000000r 2               FDS_Volume_Gain		= $4090		;$4080's value
000000r 2               FDS_Sweep_Gain		= $4092		;$4084's value
000000r 2               
000000r 2               ;---------------------------------------
000000r 2               ;VRC6 define
000000r 2               
000000r 2               VRC6_Frequency		= $9003
000000r 2               VRC6_Pulse1_CTRL	= $9000
000000r 2               VRC6_Pulse1_FTUNE	= $9001
000000r 2               VRC6_Pulse1_CTUNE	= $9002
000000r 2               VRC6_Pulse2_CTRL	= $A000
000000r 2               VRC6_Pulse2_FTUNE	= $A001
000000r 2               VRC6_Pulse2_CTUNE	= $A002
000000r 2               VRC6_SAW_CTRL		= $B000
000000r 2               VRC6_SAW_FTUNE		= $B001
000000r 2               VRC6_SAW_CTUNE		= $B002
000000r 2               
000000r 2               ;---------------------------------------
000000r 2               ;VRC7 define
000000r 2               
000000r 2               VRC7_Resister		= $9010		;wait  6 clk
000000r 2               VRC7_Data		= $9030		;wait 42 clk
000000r 2               
000000r 2               VRC7_Patch0		= $00
000000r 2               VRC7_Patch1		= $01
000000r 2               VRC7_Patch2		= $02
000000r 2               VRC7_Patch3		= $03
000000r 2               VRC7_Patch4		= $04
000000r 2               VRC7_Patch5		= $05
000000r 2               VRC7_Patch6		= $06
000000r 2               VRC7_Patch7		= $07
000000r 2               
000000r 2               VRC7_Frequency		= $10
000000r 2               VRC7_Octave		= $20
000000r 2               VRC7_Volume		= $30
000000r 2               
000000r 2               ;---------------------------------------
000000r 2               ;MMC5 define
000000r 2               
000000r 2               MMC5_Pulse1_CTRL	= $5000         ; Pulse_ #1 Control Register (W)
000000r 2               MMC5_Pulse1_FTUNE	= $5002         ; Pulse_ #1 Fine Tune (FT) Register (W)
000000r 2               MMC5_Pulse1_CTUNE	= $5003         ; Pulse_ #1 Coarse Tune (CT) Register (W)
000000r 2               MMC5_Pulse2_CTRL	= $5004         ; Pulse_ #2 Control Register (W)
000000r 2               MMC5_Pulse2_FTUNE	= $5006         ; Pulse_ #2 Fine Tune Register (W)
000000r 2               MMC5_Pulse2_STUNE	= $5007         ; Pulse_ #2 Coarse Tune Register (W)
000000r 2               
000000r 2               ;---------------------------------------
000000r 2               ;N163 define
000000r 2               
000000r 2               N163_Resister		= $F800
000000r 2               N163_Data		= $4800
000000r 2               
000000r 2               N163_Frequency_Low	= $40
000000r 2               N163_Frequency_Middle	= $42
000000r 2               N163_Frequency_High	= $44
000000r 2               N163_Waveform		= $46
000000r 2               N163_Volume		= $47
000000r 2               N163_EnableChannel	= $7F
000000r 2               
000000r 2               ;---------------------------------------
000000r 2               ;PSG define
000000r 2               
000000r 2               PSG_Register		= $C000
000000r 2               PSG_Data		= $E000
000000r 2               
000000r 2               ;=======================================================================
000000r 2               ;	Working Struct define in Zero-page area
000000r 2               ;-----------------------------------------------------------------------
000000r 2               .Struct		NSD_Envelop
000000r 2               	V		.byte		;Volume & Voice (ch3:Tempo / ch5:Tempo_ctr)
000000r 2               	F		.byte		;Frequency & Note
000000r 2               .Endstruct
000000r 2               
000000r 2               .Struct		NSD_Length_Cnt
000000r 2               	counter		.byte		;now length of note
000000r 2               	gate		.byte		;length - u
000000r 2               .Endstruct
000000r 2               
000000r 2               .Struct		NSD_work_zp
000000r 2               	_ptr		.word					;00 General pointer value
000000r 2               	_tmp		.word					;02 General value
000000r 2               	flag		.byte					;04 flag
000000r 2               	channel		.byte					;05 channel (y resister)
000000r 2               	Sequence_ptr	.word			nsd::Track	;06 Address of playing sequence
000000r 2               	Length		.tag	NSD_Length_Cnt	nsd::Track	;16 Length Counter
000000r 2               	Envelop		.tag	NSD_Envelop	nsd::Track	;26 Envelop counter
000000r 2               .Endstruct
000000r 2               
000000r 2               ; 6 + ( 6 [Byte] * 28 [ch] ) = 174
000000r 2               
000000r 2               ;=======================================================================
000000r 2               ;	Working  Struct define in RAM area
000000r 2               ;-----------------------------------------------------------------------
000000r 2               
000000r 2               .Struct		NSD_Flag
000000r 2               	flag		.byte		;flag
000000r 2               	gatemode	.byte		;gate mode
000000r 2               .Endstruct
000000r 2               
000000r 2               .Struct		NSD_length
000000r 2               	length		.byte		;`l' command value
000000r 2               	tai		.byte		;flag of Tai & Slur
000000r 2               .Endstruct
000000r 2               
000000r 2               .Struct		NSD_gatetime
000000r 2               	q		.byte		;`q' command value
000000r 2               	u		.byte		;`u' command value
000000r 2               .Endstruct
000000r 2               
000000r 2               .Struct		NSD_note
000000r 2               	note		.byte		;`note' command value (bit 7 = `H' : rest)
000000r 2               	octave		.byte		;`o' command value
000000r 2               .Endstruct
000000r 2               
000000r 2               .Struct		NSD_Detune
000000r 2               	cent		.byte		;`D' command value
000000r 2               	fine		.byte		;`D%' command value
000000r 2               .Endstruct
000000r 2               
000000r 2               .Struct		NSD_Por_Lv
000000r 2               	target		.byte		;`P' target
000000r 2               	depth		.byte		;`P' add value
000000r 2               .Endstruct
000000r 2               
000000r 2               .Struct		NSD_Por_Co
000000r 2               	count		.byte		;rate control
000000r 2               	rate		.byte		;now depth
000000r 2               .Endstruct
000000r 2               
000000r 2               .Struct		NSD_Trans
000000r 2               	trans		.byte		;`_' command value
000000r 2               	onetime		.byte		;`'', `"' command value
000000r 2               .Endstruct
000000r 2               
000000r 2               .Struct		NSD_Repeat
000000r 2               	count1		.byte		;counter of repeat(A)
000000r 2               	count2		.byte		;counter of repeat(B)
000000r 2               .Endstruct
000000r 2               
000000r 2               .Struct		NSD_volume
000000r 2               	volume		.byte		;`v' & `vR' command value
000000r 2               	volume_env	.byte		;now envelop volume
000000r 2               .Endstruct
000000r 2               
000000r 2               .Struct		NSD_voice
000000r 2               	voice		.byte		;`@R' command value (upper 4bit)
000000r 2               	voice_set	.byte		;deveice setting value
000000r 2               .Endstruct
000000r 2               
000000r 2               .Struct		NSD_Env_V_Ptr
000000r 2               	Volume		.byte		;Volume
000000r 2               	Voice		.byte		;Voice
000000r 2               .Endstruct
000000r 2               
000000r 2               .Struct		NSD_Env_F_Ptr
000000r 2               	Frequency	.byte		;Freeuqncy
000000r 2               	Note		.byte		;Note
000000r 2               .Endstruct
000000r 2               
000000r 2               .Struct		NSD_Env_F_Now
000000r 2               	Frequency	.byte		;now envelop Freeuqncy
000000r 2               	Note		.byte		;now envelop Note
000000r 2               .Endstruct
000000r 2               
000000r 2               .Struct		NSD_work
000000r 2               	Flag		.tag	NSD_Flag	nsd::Track	;flag
000000r 2               	Length		.tag	NSD_length	nsd::Track	;note length [tick]
000000r 2               	Gatetime	.tag	NSD_gatetime	nsd::Track	;gate time [tick]
000000r 2               	Note		.tag	NSD_note	nsd::Track	;octave and note command
000000r 2               	Detune		.tag	NSD_Detune	nsd::Track	;detune
000000r 2               	Por_Lv		.tag	NSD_Por_Lv	nsd::Track	;Portamento
000000r 2               	Por_Co		.tag	NSD_Por_Co	nsd::Track	;Portamento
000000r 2               	Por_now		.word			nsd::Track	;Portamento
000000r 2               	Trans		.tag	NSD_Trans	nsd::Track	;Repeat and Transpose
000000r 2               	Repeat		.tag	NSD_Repeat	nsd::Track	;Repeat and Transpose
000000r 2               	Volume		.tag	NSD_volume	nsd::Track	;volume
000000r 2               	Voice		.tag	NSD_voice	nsd::Track	;voice
000000r 2               	Env_F_Now	.tag	NSD_Env_F_Now	nsd::Track	;Now value of envelop
000000r 2               	Env_V_Ptr	.tag	NSD_Env_V_Ptr	nsd::Track	;Address of envelop
000000r 2               	Env_F_Ptr	.tag	NSD_Env_F_Ptr	nsd::Track	;Address of envelop
000000r 2               	Envelop_Volume	.word			nsd::Track	;Pointer of envelop
000000r 2               	Envelop_Voice	.word			nsd::Track	;Pointer of envelop
000000r 2               	Envelop_Freq	.word			nsd::Track	;Pointer of envelop
000000r 2               	Envelop_Note	.word			nsd::Track	;Pointer of envelop
000000r 2               	Frequency	.word			nsd::Track	;Setting frequency
000000r 2               	Frequency_Set	.word			nsd::Track	;Setting frequency for Device
000000r 2               	SubRoutine	.word			nsd::Track	;Pointer of sub-routine return address
000000r 2               	Repeat2		.word			nsd::Track	;Pointer of repeat2 goto point
000000r 2               .Endstruct
000000r 2               
000000r 2               ;=======================================================================
000000r 2               ;	Defines for work structures
000000r 2               ;-----------------------------------------------------------------------
000000r 2               
000000r 2               .scope	nsd_flag
000000r 2               	BGM	= $01
000000r 2               	SE	= $02
000000r 2               .endscope
000000r 2               
000000r 2               ;Zero Page Works
000000r 2               .define	__ptr		nsd_work_zp + NSD_work_zp::_ptr
000000r 2               .define	__tmp		nsd_work_zp + NSD_work_zp::_tmp
000000r 2               .define	__flag		nsd_work_zp + NSD_work_zp::flag
000000r 2               .define	__channel	nsd_work_zp + NSD_work_zp::channel
000000r 2               .define	__Sequence_ptr	nsd_work_zp + NSD_work_zp::Sequence_ptr
000000r 2               .define	__Length_ctr	nsd_work_zp + NSD_work_zp::Length + NSD_Length_Cnt::counter
000000r 2               .define	__Gate		nsd_work_zp + NSD_work_zp::Length + NSD_Length_Cnt::gate
000000r 2               .define	__Envelop_V	nsd_work_zp + NSD_work_zp::Envelop + NSD_Envelop::V	;upper 4bit Voice / lower 4bit:Volume
000000r 2               .define	__Envelop_F	nsd_work_zp + NSD_work_zp::Envelop + NSD_Envelop::F	;upper 4bit:Note  / lower 4bit:Frequency
000000r 2               .define	__Tempo		nsd_work_zp + NSD_work_zp::Envelop + NSD_Envelop::V + nsd::TR_BGM3
000000r 2               .define	__Tempo_ctr	nsd_work_zp + NSD_work_zp::Envelop + NSD_Envelop::V + nsd::TR_BGM5
000000r 2               
000000r 2               .scope	nsd_chflag
000000r 2               	SE1	= $40
000000r 2               	SE2	= $80
000000r 2               	KeyOff	= $03		;00	Key Off	: Vol = 0
000000r 2               				;01	Key Off	: Release command
000000r 2               				;10	Key Off	:  envelop
000000r 2               				;11	Note On	: (envelop)
000000r 2               .endscope
000000r 2               
000000r 2               ;RAM Works
000000r 2               .define	__chflag	nsd_work + NSD_work::Flag + NSD_Flag::flag
000000r 2               .define	__gatemode	nsd_work + NSD_work::Flag + NSD_Flag::gatemode
000000r 2               .define	__tai		nsd_work + NSD_work::Length + NSD_length::tai
000000r 2               .define	__length	nsd_work + NSD_work::Length + NSD_length::length
000000r 2               .define	__gate_q	nsd_work + NSD_work::Gatetime + NSD_gatetime::q
000000r 2               .define	__gate_u	nsd_work + NSD_work::Gatetime + NSD_gatetime::u
000000r 2               .define __note		nsd_work + NSD_work::Note + NSD_note::note
000000r 2               .define	__octave	nsd_work + NSD_work::Note + NSD_note::octave
000000r 2               .define	__detune_cent	nsd_work + NSD_work::Detune + NSD_Detune::cent
000000r 2               .define	__detune_fine	nsd_work + NSD_work::Detune + NSD_Detune::fine
000000r 2               .define	__por_target	nsd_work + NSD_work::Por_Lv + NSD_Por_Lv::target
000000r 2               .define	__por_depth	nsd_work + NSD_work::Por_Lv + NSD_Por_Lv::depth
000000r 2               .define	__por_ctr	nsd_work + NSD_work::Por_Co + NSD_Por_Co::count
000000r 2               .define	__por_rate	nsd_work + NSD_work::Por_Co + NSD_Por_Co::rate
000000r 2               .define __por_now	nsd_work + NSD_work::Por_now
000000r 2               .define	__trans		nsd_work + NSD_work::Trans + NSD_Trans::trans
000000r 2               .define	__trans_one	nsd_work + NSD_work::Trans + NSD_Trans::onetime
000000r 2               .define	__repeat_ctr	nsd_work + NSD_work::Repeat + NSD_Repeat::count1
000000r 2               .define	__repeat_ctr2	nsd_work + NSD_work::Repeat + NSD_Repeat::count2
000000r 2               .define	__volume	nsd_work + NSD_work::Volume + NSD_volume::volume
000000r 2               .define	__voice		nsd_work + NSD_work::Voice + NSD_voice::voice
000000r 2               .define	__voice_set	nsd_work + NSD_work::Voice + NSD_voice::voice_set
000000r 2               .define	__frequency	nsd_work + NSD_work::Frequency
000000r 2               .define	__frequency_set	nsd_work + NSD_work::Frequency_Set
000000r 2               .define	__subroutine	nsd_work + NSD_work::SubRoutine
000000r 2               .define	__repeat2	nsd_work + NSD_work::Repeat2
000000r 2               .define	__env_volume	nsd_work + NSD_work::Envelop_Volume
000000r 2               .define	__env_voice	nsd_work + NSD_work::Envelop_Voice
000000r 2               .define	__env_frequency	nsd_work + NSD_work::Envelop_Freq
000000r 2               .define	__env_note	nsd_work + NSD_work::Envelop_Note
000000r 2               .define	__env_vol_ptr	nsd_work + NSD_work::Env_V_Ptr + NSD_Env_V_Ptr::Volume
000000r 2               .define	__env_voi_ptr	nsd_work + NSD_work::Env_V_Ptr + NSD_Env_V_Ptr::Voice
000000r 2               .define	__env_freq_ptr	nsd_work + NSD_work::Env_F_Ptr + NSD_Env_F_Ptr::Frequency
000000r 2               .define	__env_note_ptr	nsd_work + NSD_work::Env_F_Ptr + NSD_Env_F_Ptr::Note
000000r 2               ;	voiceに関しては、その後の演算は無いので、更新されない場合はエンベロープ処理を終了する。
000000r 2               .define	__env_vol_now	nsd_work + NSD_work::Volume + NSD_volume::volume_env
000000r 2               .define	__env_freq_now	nsd_work + NSD_work::Env_F_Now + NSD_Env_F_Now::Frequency
000000r 2               .define	__env_note_now	nsd_work + NSD_work::Env_F_Now + NSD_Env_F_Now::Note
000000r 2               
000000r 2               .define	__sweep_ch1	nsd_work + NSD_work::Volume + NSD_volume::volume_env + nsd::TR_BGM3
000000r 2               .define	__sweep_ch2	nsd_work + NSD_work::Volume + NSD_volume::volume_env + nsd::TR_BGM5
000000r 2               
000000r 2               .define	__dpcm_info	nsd_work + NSD_work::Env_V_Ptr + nsd::TR_BGM5
000000r 2               
000000r 2               
000000r 2               ;=======================================================================
000000r 2               ;		Struct of DPCM					*
000000r 2               ;-----------------------------------------------------------------------
000000r 2               .Struct		nsd_dpcm
000000r 2               	Control		.byte		;I/O 0x4010
000000r 2               	DA		.byte		;I/O 0x4011
000000r 2               	Address		.byte		;I/O 0x4012
000000r 2               	Size		.byte		;I/O 0x4013
000000r 2               .Endstruct
000000r 2               
000000r 2               
000000r 2               
000000r 2               ;=======================================================================
000000r 2               ;	Macros
000000r 2               ;-----------------------------------------------------------------------
000000r 2               
000000r 2               .MACPACK generic
000000r 2               
000000r 2               .macro  ldax    arg
000000r 2               	.if (.match (.left (1, {arg}), #))
000000r 2               		; immediate mode
000000r 2               		lda     #<(.right (.tcount ({arg})-1, {arg}))
000000r 2               		ldx     #>(.right (.tcount ({arg})-1, {arg}))
000000r 2               	.else
000000r 2               		; assume absolute or zero page
000000r 2               		lda     arg
000000r 2               		ldx     1+(arg)
000000r 2               	.endif
000000r 2               .endmacro
000000r 2               
000000r 2               .macro  addw    Arg
000000r 2               	clc
000000r 2               	.if (.match (.left (1, {arg}), #))
000000r 2               		; immediate mode
000000r 2               		adc     #<(.right (.tcount ({arg})-1, {arg}))
000000r 2               		adc     #>(.right (.tcount ({arg})-1, {arg}))
000000r 2               	.else
000000r 2               		; assume absolute or zero page
000000r 2               		adc     arg
000000r 2               		adc     1+(arg)
000000r 2               	.endif
000000r 2               .endmacro
000000r 2               
000000r 2               .macro  subw    Arg
000000r 2               	sec
000000r 2               	.if (.match (.left (1, {arg}), #))
000000r 2               		; immediate mode
000000r 2               		sbc     #<(.right (.tcount ({arg})-1, {arg}))
000000r 2               		sbc     #>(.right (.tcount ({arg})-1, {arg}))
000000r 2               	.else
000000r 2               		; assume absolute or zero page
000000r 2               		sbc     arg
000000r 2               		sbc     1+(arg)
000000r 2               	.endif
000000r 2               .endmacro
000000r 2               
000000r 2               .macro	shl	arg, c
000000r 2               	.repeat	c
000000r 2               		asl	arg
000000r 2               	.endrepeat
000000r 2               .endmacro
000000r 2               
000000r 2               .macro	shr	arg, c
000000r 2               	.repeat	c
000000r 2               		lsr	arg
000000r 2               	.endrepeat
000000r 2               .endmacro
000000r 2               
000000r 2               
000000r 1               
000000r 1               .code
000000r 1               
000000r 1               ;=======================================================================
000000r 1               ;	void	__fastcall__	nsd_init(void );
000000r 1               ;-----------------------------------------------------------------------
000000r 1               ;<<Contents>>
000000r 1               ;	Initialize the sound driver
000000r 1               ;<<Input>>
000000r 1               ;	nothing
000000r 1               ;<<Output>>
000000r 1               ;	nothing
000000r 1               ;=======================================================================
000000r 1               .proc	_nsd_init: near
000000r 1               
000000r 1  20 rr rr     	jsr	_nsd_stop_bgm
000003r 1  20 rr rr     	jsr	_nsd_stop_se
000006r 1  20 rr rr     	jsr	_nsd_snd_init
000009r 1               
000009r 1  60           	rts
00000Ar 1               .endproc
00000Ar 1               
00000Ar 1               ;=======================================================================
00000Ar 1               ;	void	__fastcall__	nsd_set_dpcm(nsd_dpcm* dpcm);
00000Ar 1               ;-----------------------------------------------------------------------
00000Ar 1               ;<<Contents>>
00000Ar 1               ;	Set the Delta PCM information.
00000Ar 1               ;<<Input>>
00000Ar 1               ;	ax	Pointer of the Delta PCM information.
00000Ar 1               ;<<Output>>
00000Ar 1               ;	nothing
00000Ar 1               ;=======================================================================
00000Ar 1               .proc	_nsd_set_dpcm: near
00000Ar 1               
00000Ar 1  8D rr rr     	sta	__dpcm_info + 0
00000Dr 1  8E rr rr     	stx	__dpcm_info + 1
000010r 1               
000010r 1  60           	rts
000011r 1               .endproc
000011r 1               ;=======================================================================
000011r 1               ;	void	__fastcall__	nsd_play_bgm(void* bgm );
000011r 1               ;-----------------------------------------------------------------------
000011r 1               ;<<Contents>>
000011r 1               ;	Play start the BGM
000011r 1               ;<<Input>>
000011r 1               ;	ax	pointer of BGM
000011r 1               ;<<Output>>
000011r 1               ;	nothing
000011r 1               ;=======================================================================
000011r 1               .proc	_nsd_play_bgm: near
000011r 1               
000011r 1  85 rr        	sta	__ptr
000013r 1  86 rr        	stx	__ptr + 1
000015r 1               
000015r 1  20 rr rr     	jsr	_nsd_stop_bgm		;stop the BGM (disable BGM)
000018r 1               
000018r 1  A0 00        	ldy	#0
00001Ar 1               
00001Ar 1  B1 rr        	lda	(__ptr),y		; a = number of track
00001Cr 1  0A           	shl	a, 1
00001Dr 1  85 rr        	sta	__tmp
00001Fr 1  C8           	iny
000020r 1  C8           	iny
000021r 1               
000021r 1               	;-----------------------
000021r 1               	;Init the channel structure
000021r 1  A2 00        	ldx	#nsd::TR_BGM1
000023r 1               
000023r 1               Loop:
000023r 1  A9 00        	lda	#00
000025r 1  9D rr rr     	sta	__chflag,x
000028r 1  20 rr rr     	jsr	play
00002Br 1               
00002Br 1  E8           	inx
00002Cr 1  E8           	inx
00002Dr 1  E0 0A        	cpx	#nsd::TR_BGM1 + nsd::BGM_Track * 2
00002Fr 1  B0 03        	bcs	Loop_End
000031r 1  4C rr rr     	jmp	Loop
000034r 1               Loop_End:
000034r 1               
000034r 1               	;-----------------------
000034r 1               	;common
000034r 1  A9 08        	lda	#$08
000036r 1  8D 01 40     	sta	APU_PULSE1RAMP
000039r 1  8D 05 40     	sta	APU_PULSE2RAMP
00003Cr 1  8D rr rr     	sta	__sweep_ch1
00003Fr 1  8D rr rr     	sta	__sweep_ch2
000042r 1               
000042r 1  A9 78        	lda	#120
000044r 1  85 rr        	sta	__Tempo
000046r 1               
000046r 1  A9 FE        	lda	#~nsd_flag::BGM
000048r 1  25 rr        	and	__flag
00004Ar 1  85 rr        	sta	__flag			;BGM Enable
00004Cr 1               
00004Cr 1  60           	rts
00004Dr 1               .endproc
00004Dr 1               
00004Dr 1               ;=======================================================================
00004Dr 1               ;	void	__fastcall__	nsd_stop_bgm(void );
00004Dr 1               ;-----------------------------------------------------------------------
00004Dr 1               ;<<Contents>>
00004Dr 1               ;	Stop the BGM
00004Dr 1               ;<<Input>>
00004Dr 1               ;	nothing
00004Dr 1               ;<<Output>>
00004Dr 1               ;	nothing
00004Dr 1               ;=======================================================================
00004Dr 1               .proc	_nsd_stop_bgm: near
00004Dr 1               
00004Dr 1               	;-----------------------
00004Dr 1               	;common
00004Dr 1  A9 01        	lda	#nsd_flag::BGM
00004Fr 1  05 rr        	ora	__flag
000051r 1  85 rr        	sta	__flag			;BGM Disable
000053r 1               
000053r 1               	;-----------------------
000053r 1               	;Init the channel structure
000053r 1  A2 00        	ldx	#nsd::TR_BGM1
000055r 1               Loop:
000055r 1  20 rr rr     	jsr	stop
000058r 1               
000058r 1  E8           	inx
000059r 1  E8           	inx
00005Ar 1  E0 0A        	cpx	#nsd::TR_BGM1 + nsd::BGM_Track * 2
00005Cr 1  90 F7        	bcc	Loop
00005Er 1               
00005Er 1  60           	rts
00005Fr 1               .endproc
00005Fr 1               
00005Fr 1               ;=======================================================================
00005Fr 1               ;	void	__fastcall__	nsd_play_se(void* se );
00005Fr 1               ;-----------------------------------------------------------------------
00005Fr 1               ;<<Contents>>
00005Fr 1               ;	Play start the BGM
00005Fr 1               ;<<Input>>
00005Fr 1               ;	ax	pointer of BGM
00005Fr 1               ;<<Output>>
00005Fr 1               ;	nothing
00005Fr 1               ;=======================================================================
00005Fr 1               .proc	_nsd_play_se: near
00005Fr 1               
00005Fr 1  85 rr        	sta	__ptr
000061r 1  86 rr        	stx	__ptr + 1
000063r 1               
000063r 1  20 rr rr     	jsr	_nsd_stop_se		;stop the BGM (disable BGM)
000066r 1               
000066r 1  A0 00        	ldy	#0
000068r 1               
000068r 1  B1 rr        	lda	(__ptr),y		; a = number of track
00006Ar 1  0A           	shl	a, 1
00006Br 1  18 69 0A     	add	#nsd::TR_SE1
00006Er 1  85 rr        	sta	__tmp
000070r 1  C8           	iny
000071r 1  C8           	iny
000072r 1               
000072r 1               	;-----------------------
000072r 1               	;Init the channel structure
000072r 1  A2 0A        	ldx	#nsd::TR_SE1
000074r 1  A9 40        	lda	#nsd_chflag::SE1
000076r 1  9D rr rr     	sta	__chflag,x
000079r 1  20 rr rr     	jsr	play
00007Cr 1               
00007Cr 1  A2 0C        	ldx	#nsd::TR_SE2
00007Er 1  A9 80        	lda	#nsd_chflag::SE2
000080r 1  9D rr rr     	sta	__chflag,x
000083r 1  20 rr rr     	jsr	play
000086r 1               
000086r 1               	;-----------------------
000086r 1               	;common
000086r 1  A9 08        	lda	#$08
000088r 1  8D 05 40     	sta	APU_PULSE2RAMP		;ch 2 only
00008Br 1               
00008Br 1               	;Tempo is none
00008Br 1               
00008Br 1  A9 FD        	lda	#~nsd_flag::SE
00008Dr 1  25 rr        	and	__flag
00008Fr 1  85 rr        	sta	__flag			;SE Enable
000091r 1               
000091r 1  60           	rts
000092r 1               .endproc
000092r 1               
000092r 1               ;=======================================================================
000092r 1               ;	void	__fastcall__	nsd_stop_se(void );
000092r 1               ;-----------------------------------------------------------------------
000092r 1               ;<<Contents>>
000092r 1               ;	Stop the SE
000092r 1               ;<<Input>>
000092r 1               ;	nothing
000092r 1               ;<<Output>>
000092r 1               ;	nothing
000092r 1               ;=======================================================================
000092r 1               .proc	_nsd_stop_se: near
000092r 1               
000092r 1               	;-----------------------
000092r 1               	;common
000092r 1  A9 02        	lda	#nsd_flag::SE
000094r 1  05 rr        	ora	__flag
000096r 1  85 rr        	sta	__flag			;SE Disable
000098r 1               
000098r 1               	;-----------------------
000098r 1               	;Init the channel structure
000098r 1  A2 0A        	ldx	#nsd::TR_SE1
00009Ar 1               Loop:
00009Ar 1  20 rr rr     	jsr	stop
00009Dr 1  E8           	inx
00009Er 1  E8           	inx
00009Fr 1  E0 0E        	cpx	#nsd::TR_SE1 + nsd::SE_Track * 2
0000A1r 1  90 F7        	bcc	Loop
0000A3r 1               
0000A3r 1  60           	rts
0000A4r 1               .endproc
0000A4r 1               
0000A4r 1               ;=======================================================================
0000A4r 1               ;	Play
0000A4r 1               ;-----------------------------------------------------------------------
0000A4r 1               ;<<Contents>>
0000A4r 1               ;	Play
0000A4r 1               ;<<Input>>
0000A4r 1               ;	__ptr	pointer
0000A4r 1               ;	__tmp	channel
0000A4r 1               ;<<Output>>
0000A4r 1               ;	nothing
0000A4r 1               ;=======================================================================
0000A4r 1               .proc	play
0000A4r 1               
0000A4r 1  E4 rr        	cpx	__tmp
0000A6r 1  B0 16        	bcs	@L
0000A8r 1  B1 rr        	lda	(__ptr),y
0000AAr 1  18 65 rr     	add	__ptr
0000ADr 1  08           	php
0000AEr 1  95 rr        	sta	__Sequence_ptr,x
0000B0r 1  C8           	iny
0000B1r 1  B1 rr        	lda	(__ptr),y
0000B3r 1  28           	plp
0000B4r 1  65 rr        	adc	__ptr + 1
0000B6r 1  95 rr        	sta	__Sequence_ptr + 1,x	;__Sequence_ptr = __ptr + (__ptr),y
0000B8r 1  C8           	iny
0000B9r 1  A9 00        	lda	#0
0000BBr 1  4C rr rr     	jmp	@E
0000BEr 1               @L:
0000BEr 1  A9 00        	lda	#0
0000C0r 1  95 rr        	sta	__Sequence_ptr,x
0000C2r 1  95 rr        	sta	__Sequence_ptr + 1,x
0000C4r 1               @E:
0000C4r 1  9D rr rr     	sta	__tai,x
0000C7r 1  95 rr        	sta	__Gate,x
0000C9r 1  9D rr rr     	sta	__gate_q,x
0000CCr 1  9D rr rr     	sta	__gate_u,x
0000CFr 1  9D rr rr     	sta	__detune_cent,x
0000D2r 1  9D rr rr     	sta	__detune_fine,x
0000D5r 1  9D rr rr     	sta	__por_target,x
0000D8r 1  9D rr rr     	sta	__trans,x
0000DBr 1  9D rr rr     	sta	__subroutine,x
0000DEr 1  9D rr rr     	sta	__subroutine + 1,x
0000E1r 1               
0000E1r 1  9D rr rr     	sta	__env_frequency,x
0000E4r 1  9D rr rr     	sta	__env_frequency + 1,x
0000E7r 1  9D rr rr     	sta	__env_freq_ptr,x
0000EAr 1  9D rr rr     	sta	__env_note,x
0000EDr 1  9D rr rr     	sta	__env_note + 1,x
0000F0r 1  9D rr rr     	sta	__env_note_ptr,x
0000F3r 1               
0000F3r 1               	;Ch3(Tri) or Ch5(DPCM) ?
0000F3r 1  E0 04        	cpx	#nsd::TR_BGM3
0000F5r 1  F0 22        	beq	Step
0000F7r 1  E0 08        	cpx	#nsd::TR_BGM5
0000F9r 1  F0 1E        	beq	Step
0000FBr 1               
0000FBr 1  9D rr rr     	sta	__env_volume,x
0000FEr 1  9D rr rr     	sta	__env_volume + 1,x
000101r 1  9D rr rr     	sta	__env_vol_ptr,x
000104r 1  9D rr rr     	sta	__env_voice + 1,x
000107r 1  9D rr rr     	sta	__env_voi_ptr,x
00010Ar 1  A9 02        	lda	#$02
00010Cr 1  9D rr rr     	sta	__env_voice,x
00010Fr 1  A9 00        	lda	#$00
000111r 1  9D rr rr     	sta	__voice,x
000114r 1  A9 2F        	lda	#$2F
000116r 1  9D rr rr     	sta	__volume,x
000119r 1               Step:
000119r 1               
000119r 1  A9 01        	lda	#1
00011Br 1  95 rr        	sta	__Length_ctr,x
00011Dr 1               
00011Dr 1  A9 18        	lda	#24
00011Fr 1  9D rr rr     	sta	__length,x
000122r 1               
000122r 1  A9 30        	lda	#48
000124r 1  9D rr rr     	sta	__octave,x
000127r 1               
000127r 1  A9 FF        	lda	#$FF
000129r 1  9D rr rr     	sta	__note,x
00012Cr 1  A9 02        	lda	#$2
00012Er 1  9D rr rr     	sta	__gatemode,x
000131r 1               
000131r 1  60           	rts
000132r 1               .endproc
000132r 1               
000132r 1               ;=======================================================================
000132r 1               ;	Stop
000132r 1               ;-----------------------------------------------------------------------
000132r 1               ;<<Contents>>
000132r 1               ;	Stop
000132r 1               ;<<Input>>
000132r 1               ;	nothing
000132r 1               ;<<Output>>
000132r 1               ;	nothing
000132r 1               ;=======================================================================
000132r 1               .proc	stop
000132r 1  A9 00        	lda	#$00
000134r 1  95 rr        	sta	__Sequence_ptr,x
000136r 1  95 rr        	sta	__Sequence_ptr + 1,x
000138r 1  A9 FF        	lda	#$FF
00013Ar 1  9D rr rr     	sta	__note,x
00013Dr 1               
00013Dr 1  60           	rts
00013Er 1               .endproc
00013Er 1               
