ca65 V2.13.3 - (C) Copyright 1998-2012 Ullrich von Bassewitz
Main file   : nsd_math.s
Current file: nsd_math.s

000000r 1               
000000r 1               	.setcpu		"6502"
000000r 1               
000000r 1               	.export		_nsd_div192
000000r 1               	.export		_nsd_mul
000000r 1               
000000r 1               	.importzp	nsd_work_zp
000000r 1               	.import		nsd_work
000000r 1               
000000r 1               	.include	"nes.inc"
000000r 2               ;
000000r 2               ; NES definitions. By Groepaz/Hitmem.
000000r 2               ;
000000r 2               
000000r 2               
000000r 2               ;; FIXME: optimize zeropage usage
000000r 2               
000000r 2               SCREEN_PTR	= $62           ;2
000000r 2               CRAM_PTR        = $64           ;2
000000r 2               CHARCOLOR	= $66
000000r 2               BGCOLOR		= $67
000000r 2               RVS		= $68
000000r 2               CURS_X		= $69
000000r 2               CURS_Y		= $6a
000000r 2               
000000r 2               tickcount       = $6b           ;2
000000r 2               
000000r 2               VBLANK_FLAG	= $70
000000r 2               
000000r 2               ringbuff        = $0200
000000r 2               ringwrite       = $71
000000r 2               ringread        = $72
000000r 2               ringcount       = $73
000000r 2               
000000r 2               ppuhi           = $74
000000r 2               ppulo           = $75
000000r 2               ppuval          = $76
000000r 2               
000000r 2               screenrows 	= (30-1)
000000r 2               charsperline    = 32
000000r 2               xsize           = charsperline
000000r 2               
000000r 2               ;; PPU defines
000000r 2               
000000r 2               PPU_CTRL1      	= $2000
000000r 2               PPU_CTRL2	= $2001
000000r 2               PPU_STATUS	= $2002
000000r 2               PPU_SPR_ADDR	= $2003
000000r 2               PPU_SPR_IO  	= $2004
000000r 2               PPU_VRAM_ADDR1	= $2005
000000r 2               PPU_VRAM_ADDR2	= $2006
000000r 2               PPU_VRAM_IO	= $2007
000000r 2               
000000r 2               ;; APU defines
000000r 2               
000000r 2               APU_PULSE1CTRL  = $4000         ; Pulse #1 Control Register (W)
000000r 2               APU_PULSE1RAMP  = $4001         ; Pulse #1 Ramp Control Register (W)
000000r 2               APU_PULSE1FTUNE = $4002         ; Pulse #1 Fine Tune (FT) Register (W)
000000r 2               APU_PULSE1CTUNE = $4003         ; Pulse #1 Coarse Tune (CT) Register (W)
000000r 2               APU_PULSE2CTRL  = $4004         ; Pulse #2 Control Register (W)
000000r 2               APU_PULSE2RAMP  = $4005         ; Pulse #2 Ramp Control Register (W)
000000r 2               APU_PULSE2FTUNE = $4006         ; Pulse #2 Fine Tune Register (W)
000000r 2               APU_PULSE2STUNE = $4007         ; Pulse #2 Coarse Tune Register (W)
000000r 2               APU_TRICTRL1    = $4008         ; Triangle Control Register #1 (W)
000000r 2               APU_TRICTRL2    = $4009         ; Triangle Control Register #2 (?)
000000r 2               APU_TRIFREQ1    = $400A         ; Triangle Frequency Register #1 (W)
000000r 2               APU_TRIFREQ2    = $400B         ; Triangle Frequency Register #2 (W)
000000r 2               APU_NOISECTRL   = $400C         ; Noise Control Register #1 (W)
000000r 2               ;;APU_ = $400D  ; Unused (???)
000000r 2               APU_NOISEFREQ1  = $400E         ; Noise Frequency Register #1 (W)
000000r 2               APU_NOISEFREQ2  = $400F         ; Noise Frequency Register #2 (W)
000000r 2               APU_MODCTRL     = $4010         ; Delta Modulation Control Register (W)
000000r 2               APU_MODDA       = $4011         ; Delta Modulation D/A Register (W)
000000r 2               APU_MODADDR     = $4012         ; Delta Modulation Address Register (W)
000000r 2               APU_MODLEN      = $4013         ; Delta Modulation Data Length Register (W)
000000r 2               APU_SPR_DMA    	= $4014         ; Sprite DMA Register (W)
000000r 2               APU_CHANCTRL   	= $4015         ; Sound/Vertical Clock Signal Register (R)
000000r 2               APU_PAD1       	= $4016         ; Joypad #1 (RW)
000000r 2               APU_PAD2	= $4017         ; Joypad #2/SOFTCLK (RW)
000000r 2               
000000r 2               
000000r 2               CH_HLINE    	= 11
000000r 2               CH_VLINE    	= 14
000000r 2               CH_ULCORNER 	= 176
000000r 2               CH_URCORNER 	= 174
000000r 2               CH_LLCORNER 	= 173
000000r 2               CH_LRCORNER 	= 189
000000r 2               CH_TTEE	    	= 178
000000r 2               CH_RTEE	    	= 179
000000r 2               CH_BTEE	    	= 177
000000r 2               CH_LTEE	    	= 171
000000r 2               CH_CROSS    	= 123
000000r 2               CH_CURS_UP     	= 145
000000r 2               CH_CURS_DOWN	= 17
000000r 2               CH_CURS_LEFT	= 157
000000r 2               CH_CURS_RIGHT	= 29
000000r 2               CH_PI		= 126
000000r 2               CH_DEL		= 20
000000r 2               CH_INS		= 148
000000r 2               CH_ENTER        = 10
000000r 2               CH_STOP         = 3
000000r 2               CH_ESC          = 27
000000r 2               
000000r 2               
000000r 1               	.include	"nsd.inc"
000000r 2               
000000r 2               .scope	nsd
000000r 2               	APU_Track	= 5		;
000000r 2               	FDS_Track	= 1		;
000000r 2               	VRC6_Track	= 3		;
000000r 2               	VRC7_Track	= 6		;
000000r 2               	MMC5_Track	= 2		; (without DPCM)
000000r 2               	N163_Track	= 8		;
000000r 2               	PSG_Track	= 3		;
000000r 2               
000000r 2               	BGM_Track	= APU_Track
000000r 2               	SE_Track	= 2		;
000000r 2               
000000r 2               	Track		= BGM_Track + SE_Track
000000r 2               
000000r 2               	TR_BGM1		= 0
000000r 2               	TR_BGM2		= 2
000000r 2               	TR_BGM3		= 4
000000r 2               	TR_BGM4		= 6
000000r 2               	TR_BGM5		= 8
000000r 2               	TR_SE1		= BGM_Track * 2 + 0
000000r 2               	TR_SE2		= BGM_Track * 2 + 2
000000r 2               
000000r 2               .endscope
000000r 2               
000000r 2               ;=======================================================================
000000r 2               ;	Working Struct define in Zero-page area
000000r 2               ;-----------------------------------------------------------------------
000000r 2               .Struct		NSD_Envelop
000000r 2               	V		.byte		;Volume & Voice (ch3:Tempo / ch5:Tempo_ctr)
000000r 2               	F		.byte		;Frequency & Note
000000r 2               .Endstruct
000000r 2               
000000r 2               .Struct		NSD_Length_Cnt
000000r 2               	counter		.byte		;now length of note
000000r 2               	gate		.byte		;length - u
000000r 2               .Endstruct
000000r 2               
000000r 2               .Struct		NSD_work_zp
000000r 2               	_ptr		.word					;00 General pointer value
000000r 2               	_tmp		.word					;02 General value
000000r 2               	flag		.byte					;04 flag
000000r 2               	channel		.byte					;05 channel (y resister)
000000r 2               	Sequence_ptr	.word			nsd::Track	;06 Address of playing sequence
000000r 2               	Length		.tag	NSD_Length_Cnt	nsd::Track	;16 Length Counter
000000r 2               	Envelop		.tag	NSD_Envelop	nsd::Track	;26 Envelop counter
000000r 2               .Endstruct
000000r 2               
000000r 2               ; 6 + ( 6 [Byte] * 28 [ch] ) = 174
000000r 2               
000000r 2               ;=======================================================================
000000r 2               ;	Working  Struct define in RAM area
000000r 2               ;-----------------------------------------------------------------------
000000r 2               
000000r 2               .Struct		NSD_Flag
000000r 2               	flag		.byte		;flag
000000r 2               	gatemode	.byte		;gate mode
000000r 2               .Endstruct
000000r 2               
000000r 2               .Struct		NSD_length
000000r 2               	length		.byte		;`l' command value
000000r 2               	tai		.byte		;flag of Tai & Slur
000000r 2               .Endstruct
000000r 2               
000000r 2               .Struct		NSD_gatetime
000000r 2               	q		.byte		;`q' command value
000000r 2               	u		.byte		;`u' command value
000000r 2               .Endstruct
000000r 2               
000000r 2               .Struct		NSD_note
000000r 2               	note		.byte		;`note' command value (bit 7 = `H' : rest)
000000r 2               	octave		.byte		;`o' command value
000000r 2               .Endstruct
000000r 2               
000000r 2               .Struct		NSD_Detune
000000r 2               	cent		.byte		;`D' command value
000000r 2               	fine		.byte		;`D%' command value
000000r 2               .Endstruct
000000r 2               
000000r 2               .Struct		NSD_Por_Lv
000000r 2               	target		.byte		;`P' target
000000r 2               	inc		.byte		;`P' add value
000000r 2               .Endstruct
000000r 2               
000000r 2               .Struct		NSD_Por_Sp
000000r 2               	decay		.byte		;
000000r 2               	rate		.byte		;rate (speed)
000000r 2               .Endstruct
000000r 2               
000000r 2               .Struct		NSD_Por_Co
000000r 2               	count		.byte		;rate control
000000r 2               	lv		.byte		;now depth
000000r 2               .Endstruct
000000r 2               
000000r 2               .Struct		NSD_Trans
000000r 2               	trans		.byte		;`_' command value
000000r 2               	onetime		.byte		;`'', `"' command value
000000r 2               .Endstruct
000000r 2               
000000r 2               .Struct		NSD_Repeat
000000r 2               	count1		.byte		;counter of repeat(A)
000000r 2               	count2		.byte		;counter of repeat(B)
000000r 2               .Endstruct
000000r 2               
000000r 2               .Struct		NSD_volume
000000r 2               	volume		.byte		;`v' & `vR' command value
000000r 2               	volume_env	.byte		;now envelop volume
000000r 2               .Endstruct
000000r 2               
000000r 2               .Struct		NSD_voice
000000r 2               	voice		.byte		;`@R' command value (upper 4bit)
000000r 2               	voice_set	.byte		;deveice setting value
000000r 2               .Endstruct
000000r 2               
000000r 2               .Struct		NSD_Env_V_Ptr
000000r 2               	Volume		.byte		;Volume
000000r 2               	Voice		.byte		;Voice
000000r 2               .Endstruct
000000r 2               
000000r 2               .Struct		NSD_Env_F_Ptr
000000r 2               	Frequency	.byte		;Freeuqncy
000000r 2               	Note		.byte		;Note
000000r 2               .Endstruct
000000r 2               
000000r 2               .Struct		NSD_Env_F_Now
000000r 2               	Frequency	.byte		;now envelop Freeuqncy
000000r 2               	Note		.byte		;now envelop Note
000000r 2               .Endstruct
000000r 2               
000000r 2               .Struct		NSD_work
000000r 2               	Flag		.tag	NSD_Flag	nsd::Track	;flag
000000r 2               	Length		.tag	NSD_length	nsd::Track	;note length [tick]
000000r 2               	Gatetime	.tag	NSD_gatetime	nsd::Track	;gate time [tick]
000000r 2               	Note		.tag	NSD_note	nsd::Track	;octave and note command
000000r 2               	Detune		.tag	NSD_Detune	nsd::Track	;detune
000000r 2               	Por_Lv		.tag	NSD_Por_Lv	nsd::Track	;Portamento
000000r 2               	Por_Sp		.tag	NSD_Por_Sp	nsd::Track	;Portamento
000000r 2               	Por_Co		.tag	NSD_Por_Co	nsd::Track	;Portamento
000000r 2               	Trans		.tag	NSD_Trans	nsd::Track	;Repeat and Transpose
000000r 2               	Repeat		.tag	NSD_Repeat	nsd::Track	;Repeat and Transpose
000000r 2               	Volume		.tag	NSD_volume	nsd::Track	;volume
000000r 2               	Voice		.tag	NSD_voice	nsd::Track	;voice
000000r 2               	Env_F_Now	.tag	NSD_Env_F_Now	nsd::Track	;Now value of envelop
000000r 2               	Env_V_Ptr	.tag	NSD_Env_V_Ptr	nsd::Track	;Address of envelop
000000r 2               	Env_F_Ptr	.tag	NSD_Env_F_Ptr	nsd::Track	;Address of envelop
000000r 2               	Envelop_Volume	.word			nsd::Track	;Pointer of envelop
000000r 2               	Envelop_Voice	.word			nsd::Track	;Pointer of envelop
000000r 2               	Envelop_Freq	.word			nsd::Track	;Pointer of envelop
000000r 2               	Envelop_Note	.word			nsd::Track	;Pointer of envelop
000000r 2               	Frequency	.word			nsd::Track	;Setting frequency
000000r 2               	Frequency_Set	.word			nsd::Track	;Setting frequency for Device
000000r 2               	SubRoutine	.word			nsd::Track	;Pointer of sub-routine return address
000000r 2               	Repeat2		.word			nsd::Track	;Pointer of repeat2 goto point
000000r 2               .Endstruct
000000r 2               
000000r 2               ;=======================================================================
000000r 2               ;	Defines for work structures
000000r 2               ;-----------------------------------------------------------------------
000000r 2               
000000r 2               .scope	nsd_flag
000000r 2               	BGM	= $01
000000r 2               	SE	= $02
000000r 2               .endscope
000000r 2               
000000r 2               ;Zero Page Works
000000r 2               .define	__ptr		nsd_work_zp + NSD_work_zp::_ptr
000000r 2               .define	__tmp		nsd_work_zp + NSD_work_zp::_tmp
000000r 2               .define	__flag		nsd_work_zp + NSD_work_zp::flag
000000r 2               .define	__channel	nsd_work_zp + NSD_work_zp::channel
000000r 2               .define	__Sequence_ptr	nsd_work_zp + NSD_work_zp::Sequence_ptr
000000r 2               .define	__Length_ctr	nsd_work_zp + NSD_work_zp::Length + NSD_Length_Cnt::counter
000000r 2               .define	__Gate		nsd_work_zp + NSD_work_zp::Length + NSD_Length_Cnt::gate
000000r 2               .define	__Envelop_V	nsd_work_zp + NSD_work_zp::Envelop + NSD_Envelop::V
000000r 2               .define	__Envelop_F	nsd_work_zp + NSD_work_zp::Envelop + NSD_Envelop::F
000000r 2               .define	__Tempo		nsd_work_zp + NSD_work_zp::Envelop + NSD_Envelop::V + nsd::TR_BGM3
000000r 2               .define	__Tempo_ctr	nsd_work_zp + NSD_work_zp::Envelop + NSD_Envelop::V + nsd::TR_BGM5
000000r 2               
000000r 2               .scope	nsd_chflag
000000r 2               	SE1	= $40
000000r 2               	SE2	= $80
000000r 2               	KeyOff	= $03		;00	Key Off	: Vol = 0
000000r 2               				;01	Key Off	: Release command
000000r 2               				;10	Key Off	:  envelop
000000r 2               				;11	Note On	: (envelop)
000000r 2               .endscope
000000r 2               
000000r 2               ;RAM Works
000000r 2               .define	__chflag	nsd_work + NSD_work::Flag + NSD_Flag::flag
000000r 2               .define	__gatemode	nsd_work + NSD_work::Flag + NSD_Flag::gatemode
000000r 2               .define	__tai		nsd_work + NSD_work::Length + NSD_length::tai
000000r 2               .define	__length	nsd_work + NSD_work::Length + NSD_length::length
000000r 2               .define	__gate_q	nsd_work + NSD_work::Gatetime + NSD_gatetime::q
000000r 2               .define	__gate_u	nsd_work + NSD_work::Gatetime + NSD_gatetime::u
000000r 2               .define __note		nsd_work + NSD_work::Note + NSD_note::note
000000r 2               .define	__octave	nsd_work + NSD_work::Note + NSD_note::octave
000000r 2               .define	__detune_cent	nsd_work + NSD_work::Detune + NSD_Detune::cent
000000r 2               .define	__detune_fine	nsd_work + NSD_work::Detune + NSD_Detune::fine
000000r 2               .define	__por_target	nsd_work + NSD_work::Por_Lv + NSD_Por_Lv::target
000000r 2               .define	__por_inc	nsd_work + NSD_work::Por_Lv + NSD_Por_Lv::inc
000000r 2               .define	__por_decay	nsd_work + NSD_work::Por_Sp + NSD_Por_Sp::decay
000000r 2               .define	__por_rate	nsd_work + NSD_work::Por_Sp + NSD_Por_Sp::rate
000000r 2               .define	__por_ctr	nsd_work + NSD_work::Por_Co + NSD_Por_Co::count
000000r 2               .define	__por_lv	nsd_work + NSD_work::Por_Co + NSD_Por_Co::lv
000000r 2               .define	__trans		nsd_work + NSD_work::Trans + NSD_Trans::trans
000000r 2               .define	__trans_one	nsd_work + NSD_work::Trans + NSD_Trans::onetime
000000r 2               .define	__repeat_ctr	nsd_work + NSD_work::Repeat + NSD_Repeat::count1
000000r 2               .define	__repeat_ctr2	nsd_work + NSD_work::Repeat + NSD_Repeat::count2
000000r 2               .define	__volume	nsd_work + NSD_work::Volume + NSD_volume::volume
000000r 2               .define	__voice		nsd_work + NSD_work::Voice + NSD_voice::voice
000000r 2               .define	__voice_set	nsd_work + NSD_work::Voice + NSD_voice::voice_set
000000r 2               .define	__frequency	nsd_work + NSD_work::Frequency
000000r 2               .define	__frequency_set	nsd_work + NSD_work::Frequency_Set
000000r 2               .define	__subroutine	nsd_work + NSD_work::SubRoutine
000000r 2               .define	__repeat2	nsd_work + NSD_work::Repeat2
000000r 2               .define	__env_volume	nsd_work + NSD_work::Envelop_Volume
000000r 2               .define	__env_voice	nsd_work + NSD_work::Envelop_Voice
000000r 2               .define	__env_frequency	nsd_work + NSD_work::Envelop_Freq
000000r 2               .define	__env_note	nsd_work + NSD_work::Envelop_Note
000000r 2               .define	__env_vol_ptr	nsd_work + NSD_work::Env_V_Ptr + NSD_Env_V_Ptr::Volume
000000r 2               .define	__env_voi_ptr	nsd_work + NSD_work::Env_V_Ptr + NSD_Env_V_Ptr::Voice
000000r 2               .define	__env_freq_ptr	nsd_work + NSD_work::Env_F_Ptr + NSD_Env_F_Ptr::Frequency
000000r 2               .define	__env_note_ptr	nsd_work + NSD_work::Env_F_Ptr + NSD_Env_F_Ptr::Note
000000r 2               ;	voiceに関しては、その後の演算は無いので、更新されない場合はエンベロープ処理を終了する。
000000r 2               .define	__env_vol_now	nsd_work + NSD_work::Volume + NSD_volume::volume_env
000000r 2               .define	__env_freq_now	nsd_work + NSD_work::Env_F_Now + NSD_Env_F_Now::Frequency
000000r 2               .define	__env_note_now	nsd_work + NSD_work::Env_F_Now + NSD_Env_F_Now::Note
000000r 2               
000000r 2               ;=======================================================================
000000r 2               ;	Macros
000000r 2               ;-----------------------------------------------------------------------
000000r 2               
000000r 2               .MACPACK generic
000000r 2               
000000r 2               .macro  ldax    arg
000000r 2               	.if (.match (.left (1, {arg}), #))
000000r 2               		; immediate mode
000000r 2               		lda     #<(.right (.tcount ({arg})-1, {arg}))
000000r 2               		ldx     #>(.right (.tcount ({arg})-1, {arg}))
000000r 2               	.else
000000r 2               		; assume absolute or zero page
000000r 2               		lda     arg
000000r 2               		ldx     1+(arg)
000000r 2               	.endif
000000r 2               .endmacro
000000r 2               
000000r 2               .macro  addw    Arg
000000r 2               	clc
000000r 2               	.if (.match (.left (1, {arg}), #))
000000r 2               		; immediate mode
000000r 2               		adc     #<(.right (.tcount ({arg})-1, {arg}))
000000r 2               		adc     #>(.right (.tcount ({arg})-1, {arg}))
000000r 2               	.else
000000r 2               		; assume absolute or zero page
000000r 2               		adc     arg
000000r 2               		adc     1+(arg)
000000r 2               	.endif
000000r 2               .endmacro
000000r 2               
000000r 2               .macro  subw    Arg
000000r 2               	sec
000000r 2               	.if (.match (.left (1, {arg}), #))
000000r 2               		; immediate mode
000000r 2               		sbc     #<(.right (.tcount ({arg})-1, {arg}))
000000r 2               		sbc     #>(.right (.tcount ({arg})-1, {arg}))
000000r 2               	.else
000000r 2               		; assume absolute or zero page
000000r 2               		sbc     arg
000000r 2               		sbc     1+(arg)
000000r 2               	.endif
000000r 2               .endmacro
000000r 2               
000000r 2               .macro	shl	arg, c
000000r 2               	.repeat	c
000000r 2               		asl	arg
000000r 2               	.endrepeat
000000r 2               .endmacro
000000r 2               
000000r 2               .macro	shr	arg, c
000000r 2               	.repeat	c
000000r 2               		lsr	arg
000000r 2               	.endrepeat
000000r 2               .endmacro
000000r 2               
000000r 2               
000000r 1               
000000r 1               ;=======================================================================
000000r 1               ;	void	__fastcall__	_nsd_div192(unsigned int ax);
000000r 1               ;-----------------------------------------------------------------------
000000r 1               ;<<Contents>>
000000r 1               ;	Divide `ax' by 192 (0xC0) = 16 * 12
000000r 1               ;<<Input>>
000000r 1               ;	ax	value
000000r 1               ;<<Output>>
000000r 1               ;	a =	ax mod 192
000000r 1               ;	x =	ax  /  192
000000r 1               ;=======================================================================
000000r 1               .proc	_nsd_div192
000000r 1               .code
000000r 1  48           	pha		; save a
000001r 1  8A           	txa
000002r 1  A8           	tay		; y = x
000003r 1  A9 00        	lda	#0
000005r 1  AA           	tax		; x = 0
000006r 1  68           	pla		; restore a
000007r 1               
000007r 1               	;if (ax > 0x0600) then
000007r 1  C0 06        	cpy	#$06
000009r 1  90 07        	bcc	Div_8
00000Br 1  88           	dey
00000Cr 1  88           	dey
00000Dr 1  88           	dey	; y -= 3
00000Er 1  E8           	inx
00000Fr 1  E8           	inx
000010r 1  E8           	inx
000011r 1  E8           	inx	; x += 4
000012r 1               
000012r 1               Div_8:	;if (ax > 0x0300) then
000012r 1  C0 03        	cpy	#$03
000014r 1  90 07        	bcc	Div_4
000016r 1  88           	dey
000017r 1  88           	dey
000018r 1  88           	dey	; y -= 3
000019r 1  E8           	inx
00001Ar 1  E8           	inx
00001Br 1  E8           	inx
00001Cr 1  E8           	inx	; x += 4
00001Dr 1               
00001Dr 1               Div_4:	;if (ax > 0x0180) then
00001Dr 1  C0 01        	cpy	#$01
00001Fr 1  90 0F        	bcc	Div_2
000021r 1  D0 04        	bne	@L2
000023r 1  C9 80        	cmp	#$80
000025r 1  90 09        	bcc	Div_2
000027r 1  38 E9 80     @L2:	sub	#$80
00002Ar 1  B0 01        	bcs	@L
00002Cr 1  88           	dey
00002Dr 1  88           @L:	dey
00002Er 1  E8           	inx
00002Fr 1  E8           	inx	; x += 2
000030r 1               
000030r 1               Div_2:	;if (ax > 0x00C0) then
000030r 1  C0 00        	cpy	#$00
000032r 1  D0 04        	bne	@L2
000034r 1  C9 C0        	cmp	#$C0
000036r 1  90 07        	bcc	exit
000038r 1  38 E9 C0     @L2:	sub	#$C0
00003Br 1  B0 01        	bcs	@L
00003Dr 1  88           	dey
00003Er 1  E8           @L:	inx
00003Fr 1               
00003Fr 1               exit:
00003Fr 1  60           	rts
000040r 1               .endproc
000040r 1               
000040r 1               ;=======================================================================
000040r 1               ;	void	__fastcall__	_nsd_mul(unsigned char a, unsigned char x);
000040r 1               ;-----------------------------------------------------------------------
000040r 1               ;<<Contents>>
000040r 1               ;	multiplication	8bit = 4bit * 4bit
000040r 1               ;<<Input>>
000040r 1               ;	a	value 1 (lower 4bit)	volume side
000040r 1               ;	x	value 2 (lower 4bit)	envelop
000040r 1               ;<<Output>>
000040r 1               ;	a =	a × (x ＋ 1)
000040r 1               ;=======================================================================
000040r 1               .proc	_nsd_mul
000040r 1               .code
000040r 1               
000040r 1  0A 0A 0A 0A  	shl	a, 4
000044r 1  85 rr        	sta	__tmp + 1
000046r 1               
000046r 1  E8           	inx
000047r 1  8A           	txa
000048r 1  49 FF        	eor	#$FF
00004Ar 1  85 rr        	sta	__tmp
00004Cr 1               
00004Cr 1  A9 00        	lda	#0
00004Er 1  46 rr        	lsr	__tmp
000050r 1  B0 02        	bcs	@L1
000052r 1  65 rr        	adc	__tmp + 1
000054r 1               @L1:
000054r 1  4A           	lsr	a
000055r 1  46 rr        	lsr	__tmp
000057r 1  B0 02        	bcs	@L2
000059r 1  65 rr        	adc	__tmp + 1
00005Br 1               @L2:
00005Br 1  4A           	lsr	a
00005Cr 1  46 rr        	lsr	__tmp
00005Er 1  B0 02        	bcs	@L3
000060r 1  65 rr        	adc	__tmp + 1
000062r 1               @L3:
000062r 1  4A           	lsr	a
000063r 1  46 rr        	lsr	__tmp
000065r 1  B0 02        	bcs	@L4
000067r 1  65 rr        	adc	__tmp + 1
000069r 1               @L4:
000069r 1  4A           	lsr	a
00006Ar 1  46 rr        	lsr	__tmp
00006Cr 1  B0 02        	bcs	@L5
00006Er 1  65 rr        	adc	__tmp + 1
000070r 1               @L5:
000070r 1               exit:
000070r 1  60           	rts
000071r 1               .endproc
000071r 1               
