ca65 V2.13.3 - (C) Copyright 1998-2012 Ullrich von Bassewitz
Main file   : main.s
Current file: main.s

000000r 1               
000000r 1               	.export		_main
000000r 1               
000000r 1               	.import		_Test_DPCMinfo
000000r 1               	.import		_Test_BGM0
000000r 1               
000000r 1               	.include	"nes.inc"
000000r 2               ;
000000r 2               ; NES definitions. By Groepaz/Hitmem.
000000r 2               ;
000000r 2               
000000r 2               
000000r 2               ;; FIXME: optimize zeropage usage
000000r 2               
000000r 2               SCREEN_PTR	= $62           ;2
000000r 2               CRAM_PTR        = $64           ;2
000000r 2               CHARCOLOR	= $66
000000r 2               BGCOLOR		= $67
000000r 2               RVS		= $68
000000r 2               CURS_X		= $69
000000r 2               CURS_Y		= $6a
000000r 2               
000000r 2               tickcount       = $6b           ;2
000000r 2               
000000r 2               VBLANK_FLAG	= $70
000000r 2               
000000r 2               ringbuff        = $0200
000000r 2               ringwrite       = $71
000000r 2               ringread        = $72
000000r 2               ringcount       = $73
000000r 2               
000000r 2               ppuhi           = $74
000000r 2               ppulo           = $75
000000r 2               ppuval          = $76
000000r 2               
000000r 2               screenrows 	= (30-1)
000000r 2               charsperline    = 32
000000r 2               xsize           = charsperline
000000r 2               
000000r 2               ;; PPU defines
000000r 2               
000000r 2               PPU_CTRL1      	= $2000
000000r 2               PPU_CTRL2	= $2001
000000r 2               PPU_STATUS	= $2002
000000r 2               PPU_SPR_ADDR	= $2003
000000r 2               PPU_SPR_IO  	= $2004
000000r 2               PPU_VRAM_ADDR1	= $2005
000000r 2               PPU_VRAM_ADDR2	= $2006
000000r 2               PPU_VRAM_IO	= $2007
000000r 2               
000000r 2               ;; APU defines
000000r 2               
000000r 2               APU_PULSE1CTRL  = $4000         ; Pulse #1 Control Register (W)
000000r 2               APU_PULSE1RAMP  = $4001         ; Pulse #1 Ramp Control Register (W)
000000r 2               APU_PULSE1FTUNE = $4002         ; Pulse #1 Fine Tune (FT) Register (W)
000000r 2               APU_PULSE1CTUNE = $4003         ; Pulse #1 Coarse Tune (CT) Register (W)
000000r 2               APU_PULSE2CTRL  = $4004         ; Pulse #2 Control Register (W)
000000r 2               APU_PULSE2RAMP  = $4005         ; Pulse #2 Ramp Control Register (W)
000000r 2               APU_PULSE2FTUNE = $4006         ; Pulse #2 Fine Tune Register (W)
000000r 2               APU_PULSE2STUNE = $4007         ; Pulse #2 Coarse Tune Register (W)
000000r 2               APU_TRICTRL1    = $4008         ; Triangle Control Register #1 (W)
000000r 2               APU_TRICTRL2    = $4009         ; Triangle Control Register #2 (?)
000000r 2               APU_TRIFREQ1    = $400A         ; Triangle Frequency Register #1 (W)
000000r 2               APU_TRIFREQ2    = $400B         ; Triangle Frequency Register #2 (W)
000000r 2               APU_NOISECTRL   = $400C         ; Noise Control Register #1 (W)
000000r 2               ;;APU_ = $400D  ; Unused (???)
000000r 2               APU_NOISEFREQ1  = $400E         ; Noise Frequency Register #1 (W)
000000r 2               APU_NOISEFREQ2  = $400F         ; Noise Frequency Register #2 (W)
000000r 2               APU_MODCTRL     = $4010         ; Delta Modulation Control Register (W)
000000r 2               APU_MODDA       = $4011         ; Delta Modulation D/A Register (W)
000000r 2               APU_MODADDR     = $4012         ; Delta Modulation Address Register (W)
000000r 2               APU_MODLEN      = $4013         ; Delta Modulation Data Length Register (W)
000000r 2               APU_SPR_DMA    	= $4014         ; Sprite DMA Register (W)
000000r 2               APU_CHANCTRL   	= $4015         ; Sound/Vertical Clock Signal Register (R)
000000r 2               APU_PAD1       	= $4016         ; Joypad #1 (RW)
000000r 2               APU_PAD2	= $4017         ; Joypad #2/SOFTCLK (RW)
000000r 2               
000000r 2               
000000r 2               CH_HLINE    	= 11
000000r 2               CH_VLINE    	= 14
000000r 2               CH_ULCORNER 	= 176
000000r 2               CH_URCORNER 	= 174
000000r 2               CH_LLCORNER 	= 173
000000r 2               CH_LRCORNER 	= 189
000000r 2               CH_TTEE	    	= 178
000000r 2               CH_RTEE	    	= 179
000000r 2               CH_BTEE	    	= 177
000000r 2               CH_LTEE	    	= 171
000000r 2               CH_CROSS    	= 123
000000r 2               CH_CURS_UP     	= 145
000000r 2               CH_CURS_DOWN	= 17
000000r 2               CH_CURS_LEFT	= 157
000000r 2               CH_CURS_RIGHT	= 29
000000r 2               CH_PI		= 126
000000r 2               CH_DEL		= 20
000000r 2               CH_INS		= 148
000000r 2               CH_ENTER        = 10
000000r 2               CH_STOP         = 3
000000r 2               CH_ESC          = 27
000000r 2               
000000r 2               
000000r 1               	.include	"..\..\include\nsd.inc"
000000r 2               ;=======================================================================|
000000r 2               ;									|
000000r 2               ;		NES Sound Driver & library				|
000000r 2               ;				define file				|
000000r 2               ;					for Assemble Language (ca65)	|
000000r 2               ;									|
000000r 2               ;					Programmed by			|
000000r 2               ;						A.Watanabe		|
000000r 2               ;									|
000000r 2               ;=======================================================================|
000000r 2               
000000r 2               	.include	"nsddef.inc"
000000r 3               ;=======================================================================
000000r 3               ;
000000r 3               ;	NES Sound Driver Libraly		Define file
000000r 3               ;
000000r 3               ;-----------------------------------------------------------------------
000000r 3               ;
000000r 3               ;	《メモ》	！！注意！！
000000r 3               ;
000000r 3               ;	変えた場合は、 include フォルダの nes.inc にも適用する事！！
000000r 3               ;
000000r 3               ;=======================================================================
000000r 3               
000000r 3               ;****************************************************************
000000r 3               ;*	Sound I/O Device address defines			*
000000r 3               ;****************************************************************
000000r 3               
000000r 3               ;---------------------------------------
000000r 3               ;FDS define
000000r 3               
000000r 3               FDS_Control		= $4023
000000r 3               FDS_Wave_Table		= $4040		; to $407F
000000r 3               FDS_Volume		= $4080
000000r 3               FDS_FTUNE		= $4082
000000r 3               FDS_CTUNE		= $4083
000000r 3               FDS_Sweep_Envelope	= $4084
000000r 3               FDS_Sweep_Bias		= $4085
000000r 3               FDS_Mod_FTUNE		= $4086
000000r 3               FDS_Mod_CTUNE		= $4087
000000r 3               FDS_Mod_Append		= $4088
000000r 3               FDS_Write_Enable	= $4089
000000r 3               FDS_Envelope_Speed	= $408A
000000r 3               FDS_Volume_Gain		= $4090		;$4080's value
000000r 3               FDS_Sweep_Gain		= $4092		;$4084's value
000000r 3               
000000r 3               ;---------------------------------------
000000r 3               ;VRC6 define
000000r 3               
000000r 3               VRC6_Frequency		= $9003		;.... .ABH	Normally you should write $00 to this register on startup to initialize it.
000000r 3               VRC6_Pulse1_CTRL	= $9000		;MDDD vvvv	mode DT vol
000000r 3               VRC6_Pulse1_FTUNE	= $9001		;FFFF FFFF
000000r 3               VRC6_Pulse1_CTUNE	= $9002		;E... FFFF
000000r 3               VRC6_Pulse2_CTRL	= $A000
000000r 3               VRC6_Pulse2_FTUNE	= $A001
000000r 3               VRC6_Pulse2_CTUNE	= $A002
000000r 3               VRC6_SAW_CTRL		= $B000		;..AA AAAA	volume
000000r 3               VRC6_SAW_FTUNE		= $B001		;FFFF FFFF
000000r 3               VRC6_SAW_CTUNE		= $B002		;E... FFFF
000000r 3               
000000r 3               ;---------------------------------------
000000r 3               ;VRC7 define
000000r 3               
000000r 3               VRC7_Resister		= $9010		;wait  6 clk
000000r 3               VRC7_Data		= $9030		;wait 42 clk
000000r 3               
000000r 3               VRC7_Patch0		= $00
000000r 3               VRC7_Patch1		= $01
000000r 3               VRC7_Patch2		= $02
000000r 3               VRC7_Patch3		= $03
000000r 3               VRC7_Patch4		= $04
000000r 3               VRC7_Patch5		= $05
000000r 3               VRC7_Patch6		= $06
000000r 3               VRC7_Patch7		= $07
000000r 3               
000000r 3               VRC7_Frequency		= $10
000000r 3               VRC7_Octave		= $20
000000r 3               VRC7_Volume		= $30
000000r 3               
000000r 3               ;---------------------------------------
000000r 3               ;OPLL define
000000r 3               
000000r 3               .ifdef	HFX4
000000r 3               OPLL_Resister		= $5F90		;wait  6 clk
000000r 3               OPLL_Data		= $5FB0		;wait 42 clk
000000r 3               .else
000000r 3               OPLL_Resister		= $9010		;wait  6 clk
000000r 3               OPLL_Data		= $9030		;wait 42 clk
000000r 3               .endif
000000r 3               
000000r 3               OPLL_Patch0		= $00
000000r 3               OPLL_Patch1		= $01
000000r 3               OPLL_Patch2		= $02
000000r 3               OPLL_Patch3		= $03
000000r 3               OPLL_Patch4		= $04
000000r 3               OPLL_Patch5		= $05
000000r 3               OPLL_Patch6		= $06
000000r 3               OPLL_Patch7		= $07
000000r 3               
000000r 3               OPLL_RHYTHM		= $0E
000000r 3               OPLL_Frequency		= $10
000000r 3               OPLL_Octave		= $20
000000r 3               OPLL_Volume		= $30
000000r 3               
000000r 3               OPLL_Frequency_BD	= $16
000000r 3               OPLL_Frequency_HH_SD	= $17
000000r 3               OPLL_Frequency_TOM_CYM	= $18
000000r 3               
000000r 3               OPLL_Octave_BD		= $26
000000r 3               OPLL_Octave_HH_SD	= $27
000000r 3               OPLL_Octave_TOM_CYM	= $28
000000r 3               
000000r 3               OPLL_BD			= $36
000000r 3               OPLL_HH_SD		= $37
000000r 3               OPLL_TOM_CYM		= $38
000000r 3               
000000r 3               
000000r 3               ;---------------------------------------
000000r 3               ;MMC5 define
000000r 3               
000000r 3               MMC5_Pulse1_CTRL	= $5000         ; Pulse_ #1 Control Register (W)
000000r 3               MMC5_Pulse1_FTUNE	= $5002         ; Pulse_ #1 Fine Tune (FT) Register (W)
000000r 3               MMC5_Pulse1_CTUNE	= $5003         ; Pulse_ #1 Coarse Tune (CT) Register (W)
000000r 3               MMC5_Pulse2_CTRL	= $5004         ; Pulse_ #2 Control Register (W)
000000r 3               MMC5_Pulse2_FTUNE	= $5006         ; Pulse_ #2 Fine Tune Register (W)
000000r 3               MMC5_Pulse2_CTUNE	= $5007         ; Pulse_ #2 Coarse Tune Register (W)
000000r 3               MMC5_CHANCTRL		= $5015         ;
000000r 3               
000000r 3               ;---------------------------------------
000000r 3               ;N163 define
000000r 3               
000000r 3               N163_Resister		= $F800
000000r 3               N163_Data		= $4800
000000r 3               
000000r 3               N163_Frequency_Low	= $78
000000r 3               N163_Frequency_Middle	= $7A
000000r 3               N163_Frequency_High	= $7C
000000r 3               N163_Waveform		= $7E
000000r 3               N163_Volume		= $7F
000000r 3               
000000r 3               ;---------------------------------------
000000r 3               ;PSG define
000000r 3               
000000r 3               .ifdef	HFE4
000000r 3               PSG_Register		= $5FE0
000000r 3               PSG_Data		= $5FE1
000000r 3               .else
000000r 3               PSG_Register		= $C000
000000r 3               PSG_Data		= $E000
000000r 3               .endif
000000r 3               
000000r 3               PSG_1_Frequency_Low	= $00
000000r 3               PSG_1_Frequency_High	= $01
000000r 3               PSG_2_Frequency_Low	= $02
000000r 3               PSG_2_Frequency_High	= $03
000000r 3               PSG_3_Frequency_Low	= $04
000000r 3               PSG_3_Frequency_High	= $05
000000r 3               PSG_Noise_Frequency	= $06
000000r 3               PSG_Switch		= $07	;00ABCabc
000000r 3               PSG_1_Volume		= $08
000000r 3               PSG_2_Volume		= $09
000000r 3               PSG_3_Volume		= $0A
000000r 3               PSG_Envelope_Low	= $0B
000000r 3               PSG_Envelope_High	= $0C
000000r 3               PSG_Envelope_Form	= $0D
000000r 3               
000000r 3               
000000r 3               
000000r 3               
000000r 3               
000000r 3               ;****************************************************************
000000r 3               ;*	NSD.lib General Define					*
000000r 3               ;****************************************************************
000000r 3               
000000r 3               .scope	nsd
000000r 3               	APU_Track	= 5			;
000000r 3               
000000r 3               	TR_FDS		= APU_Track * 2
000000r 3               	.ifdef	FDS
000000r 3               		FDS_Track	= 1		;
000000r 3               	.else
000000r 3               		FDS_Track	= 0		;
000000r 3               	.endif
000000r 3               
000000r 3               	TR_VRC6		= TR_FDS + FDS_Track * 2
000000r 3               	.ifdef	VRC6
000000r 3               		VRC6_Track	= 3		;
000000r 3               	.else
000000r 3               		VRC6_Track	= 0		;
000000r 3               	.endif
000000r 3               
000000r 3               	TR_VRC7		= TR_VRC6 + VRC6_Track * 2
000000r 3               	.ifdef	VRC7
000000r 3               		VRC7_Track	= 6		;
000000r 3               	.else
000000r 3               		VRC7_Track	= 0		;
000000r 3               	.endif
000000r 3               
000000r 3               	TR_OPLL		= TR_VRC7 + VRC7_Track * 2
000000r 3               	.ifdef	OPLL
000000r 3               		OPLL_Track_FM		= 9
000000r 3               		OPLL_Track_Rhythm	= 5
000000r 3               		OPLL_Track	= OPLL_Track_FM + OPLL_Track_Rhythm
000000r 3               	.else
000000r 3               		OPLL_Track	= 0		;
000000r 3               	.endif
000000r 3               
000000r 3               	TR_MMC5		= TR_OPLL + OPLL_Track * 2
000000r 3               	.ifdef	MMC5
000000r 3               		MMC5_Track	= 2		; (without DPCM)
000000r 3               	.else
000000r 3               		MMC5_Track	= 0		;
000000r 3               	.endif
000000r 3               
000000r 3               	TR_N163		= TR_MMC5 + MMC5_Track * 2
000000r 3               	.ifdef	N163
000000r 3               		N163_Track	= 8		;
000000r 3               	.else
000000r 3               		N163_Track	= 0		;
000000r 3               	.endif
000000r 3               
000000r 3               	TR_PSG		= TR_N163 + N163_Track * 2
000000r 3               	.ifdef	PSG
000000r 3               		PSG_Track	= 3		;
000000r 3               	.else
000000r 3               		PSG_Track	= 0		;
000000r 3               	.endif
000000r 3               
000000r 3               	TR_NULL		= TR_PSG + PSG_Track * 2
000000r 3               	.ifdef	NULL
000000r 3               		NULL_Track	= 1		;
000000r 3               	.else
000000r 3               		NULL_Track	= 0		;
000000r 3               	.endif
000000r 3               
000000r 3               	BGM_Track	= APU_Track + FDS_Track + VRC6_Track + VRC7_Track + OPLL_Track + MMC5_Track + N163_Track + PSG_Track + NULL_Track
000000r 3               	SE_Track	= 2		;
000000r 3               
000000r 3               	Track		= BGM_Track + SE_Track
000000r 3               
000000r 3               	TR_BGM1		= 0
000000r 3               	TR_BGM2		= 2
000000r 3               	TR_BGM3		= 4
000000r 3               	TR_BGM4		= 6
000000r 3               	TR_BGM5		= 8
000000r 3               	TR_SE1		= BGM_Track * 2 + 0
000000r 3               	TR_SE2		= BGM_Track * 2 + 2
000000r 3               
000000r 3               .endscope
000000r 3               
000000r 3               
000000r 3               
000000r 3               
000000r 3               
000000r 3               ;****************************************************************
000000r 3               ;*	Struct Define						*
000000r 3               ;****************************************************************
000000r 3               
000000r 3               ;=======================================================================
000000r 3               ;	Working Struct define in Zero-page area
000000r 3               ;-----------------------------------------------------------------------
000000r 3               
000000r 3               .Struct		NSD_Envelop
000000r 3               	V		.byte		;Volume & Voice (ch3:Tempo / ch5:Tempo_ctr)
000000r 3               	F		.byte		;Frequency & Note
000000r 3               .Endstruct
000000r 3               
000000r 3               .Struct		NSD_Length_Cnt
000000r 3               	counter		.byte		;now length of note
000000r 3               	gate		.byte		;length - u
000000r 3               .Endstruct
000000r 3               
000000r 3               .Struct		NSD_work_zp
000000r 3               	_ptr		.word					;00 General pointer value
000000r 3               	_tmp		.word					;02 General value
000000r 3               	channel		.byte					;04 channel (x resister)
000000r 3               ;	flag		.byte					;05 flag
000000r 3               	Sequence_ptr	.word			nsd::Track	;06 Address of playing sequence
000000r 3               .ifndef	HFX4
000000r 3               	LengthCnt	.tag	NSD_Length_Cnt	nsd::Track	;16 Length Counter
000000r 3               .endif
000000r 3               	Envelop		.tag	NSD_Envelop	nsd::Track	;26 Envelop counter
000000r 3               .Endstruct
000000r 3               
000000r 3               ; 6 + ( 6 [Byte] * 28 [ch] ) = 174
000000r 3               
000000r 3               ;---------------------------------------
000000r 3               ;	Defines for work structures
000000r 3               
000000r 3               .scope	nsd_flag
000000r 3               	BGM		= $01
000000r 3               	SE		= $02
000000r 3               	Priority	= $0C
000000r 3               	Disable		= $80
000000r 3               .endscope
000000r 3               
000000r 3               ;Zero Page Works
000000r 3               .define	__ptr		nsd_work_zp + NSD_work_zp::_ptr
000000r 3               .define	__tmp		nsd_work_zp + NSD_work_zp::_tmp
000000r 3               ;.define	__flag		nsd_work_zp + NSD_work_zp::flag
000000r 3               .define	__channel	nsd_work_zp + NSD_work_zp::channel
000000r 3               .define	__Sequence_ptr	nsd_work_zp + NSD_work_zp::Sequence_ptr
000000r 3               
000000r 3               .define	__Envelop_V	nsd_work_zp + NSD_work_zp::Envelop + NSD_Envelop::V	;upper 4bit Voice / lower 4bit:Volume
000000r 3               .define	__Envelop_F	nsd_work_zp + NSD_work_zp::Envelop + NSD_Envelop::F	;upper 4bit:Note  / lower 4bit:Frequency
000000r 3               
000000r 3               .define	__flag		nsd_work_zp + NSD_work_zp::Envelop + NSD_Envelop::V + nsd::TR_BGM3
000000r 3               .define	__Tempo		nsd_work_zp + NSD_work_zp::Envelop + NSD_Envelop::F + nsd::TR_BGM5
000000r 3               .define	__Tempo_ctr	nsd_work_zp + NSD_work_zp::Envelop + NSD_Envelop::V + nsd::TR_BGM5
000000r 3               
000000r 3               
000000r 3               
000000r 3               
000000r 3               
000000r 3               ;=======================================================================
000000r 3               ;	Working  Struct define in RAM area
000000r 3               ;-----------------------------------------------------------------------
000000r 3               
000000r 3               .Struct		NSD_Flag
000000r 3               	flag		.byte		;flag
000000r 3               	gatemode	.byte		;gate mode
000000r 3               .Endstruct
000000r 3               
000000r 3               .Struct		NSD_length
000000r 3               	length		.byte		;`l' command value
000000r 3               	tai		.byte		;flag of Tai & Slur
000000r 3               .Endstruct
000000r 3               
000000r 3               .Struct		NSD_gatetime
000000r 3               	q		.byte		;`q' command value
000000r 3               	u		.byte		;`u' command value
000000r 3               .Endstruct
000000r 3               
000000r 3               .Struct		NSD_note
000000r 3               	note		.byte		;`note' command value (bit 7 = `H' : rest)
000000r 3               	octave		.byte		;`o' command value
000000r 3               .Endstruct
000000r 3               
000000r 3               .Struct		NSD_Detune
000000r 3               	cent		.byte		;`D' command value
000000r 3               	fine		.byte		;`D%' command value
000000r 3               .Endstruct
000000r 3               
000000r 3               .Struct		NSD_Por_Lv		;(ch5 : BGM1 & BGM2 Frequency)
000000r 3               	target		.byte		;`P' target
000000r 3               	depth		.byte		;`P' add value
000000r 3               .Endstruct
000000r 3               
000000r 3               .Struct		NSD_Por_Co		;(ch5 : BGM3 & SE  Frequency)
000000r 3               	count		.byte		;rate control
000000r 3               	rate		.byte		;now depth
000000r 3               .Endstruct
000000r 3               
000000r 3               .Struct		NSD_Trans
000000r 3               	trans		.byte		;`_' command value
000000r 3               	onetime		.byte		;`'', `"' command value
000000r 3               .Endstruct
000000r 3               
000000r 3               .Struct		NSD_Repeat
000000r 3               	count1		.byte		;counter of repeat(A)
000000r 3               	count2		.byte		;counter of repeat(B)
000000r 3               .Endstruct
000000r 3               
000000r 3               .Struct		NSD_volume
000000r 3               	volume		.byte		;`v' & `vR' command value
000000r 3               	volume_env	.byte		;now envelop volume	(ch3,5 : sweep value of ch1,2)
000000r 3               .Endstruct
000000r 3               
000000r 3               .Struct		NSD_voice
000000r 3               	voice		.byte		;`@R' command value (upper 4bit)	;※廃止
000000r 3               	voice_set	.byte		;deveice setting value
000000r 3               .Endstruct
000000r 3               
000000r 3               .Struct		NSD_Env_V_Ptr		;(ch5 : pointer of ⊿PCM information)
000000r 3               	Volume		.byte		;Volume
000000r 3               	Voice		.byte		;Voice
000000r 3               .Endstruct
000000r 3               
000000r 3               .Struct		NSD_Env_F_Ptr
000000r 3               	Frequency	.byte		;Freeuqncy
000000r 3               	Note		.byte		;Note
000000r 3               .Endstruct
000000r 3               
000000r 3               .Struct		NSD_Env_F_Now
000000r 3               	Frequency	.byte		;now envelop Freeuqncy
000000r 3               	Note		.byte		;now envelop Note
000000r 3               .Endstruct
000000r 3               
000000r 3               .Struct		NSD_work
000000r 3               	Flag		.tag	NSD_Flag	nsd::Track	;flag
000000r 3               .ifdef	HFX4
000000r 3               	LengthCnt	.tag	NSD_Length_Cnt	nsd::Track	;16 Length Counter
000000r 3               .endif
000000r 3               	Length		.tag	NSD_length	nsd::Track	;note length [tick]
000000r 3               	Gatetime	.tag	NSD_gatetime	nsd::Track	;gate time [tick]
000000r 3               	Note		.tag	NSD_note	nsd::Track	;octave and note command
000000r 3               	Detune		.tag	NSD_Detune	nsd::Track	;detune
000000r 3               	Por_Lv		.tag	NSD_Por_Lv	nsd::Track	;Portamento / TR5: BGM1 & BGM2 frequency
000000r 3               	Por_Co		.tag	NSD_Por_Co	nsd::Track	;Portamento / TR5: BGM3 & SE1  frequency
000000r 3               	Por_now		.word			nsd::Track	;Portamento
000000r 3               	Trans		.tag	NSD_Trans	nsd::Track	;Transpose
000000r 3               	Repeat		.tag	NSD_Repeat	nsd::Track	;Repeat
000000r 3               	Volume		.tag	NSD_volume	nsd::Track	;volume	/ TR3: BGM1 sweep / TR5: BGM2 sweep
000000r 3               	Voice		.tag	NSD_voice	nsd::Track	;voice
000000r 3               	Env_F_Now	.tag	NSD_Env_F_Now	nsd::Track	;Now value of envelop
000000r 3               	Env_V_Ptr	.tag	NSD_Env_V_Ptr	nsd::Track	;Address of envelop / TR5:DPCM info
000000r 3               	Env_F_Ptr	.tag	NSD_Env_F_Ptr	nsd::Track	;Address of envelop
000000r 3               	Envelop_Volume	.word			nsd::Track	;Pointer of envelop
000000r 3               	Envelop_Voice	.word			nsd::Track	;Pointer of envelop
000000r 3               	Envelop_Freq	.word			nsd::Track	;Pointer of envelop
000000r 3               	Envelop_Note	.word			nsd::Track	;Pointer of envelop
000000r 3               	Frequency	.word			nsd::Track	;Setting frequency
000000r 3               	SubRoutine	.word			nsd::Track	;Pointer of sub-routine return address
000000r 3               	Repeat2		.word			nsd::Track	;Pointer of repeat2 goto point
000000r 3               
000000r 3               .ifdef	MMC5
000000r 3               	MMC5_Frequency	.byte			nsd::MMC5_Track	;MMC5 frequency
000000r 3               .endif
000000r 3               
000000r 3               .ifdef	FDS
000000r 3               	FDS_Frequency	.byte					;FDS frequency
000000r 3               	FDS_SweepBias	.byte					;FDS Sweep bias
000000r 3               .endif
000000r 3               
000000r 3               .ifdef	VRC7
000000r 3               	VRC7_Frequency	.byte			nsd::VRC7_Track	;VRC7 frequecny
000000r 3               	VRC7_Freq_old	.byte			nsd::VRC7_Track
000000r 3               	VRC7_Reg	.word					;
000000r 3               .endif
000000r 3               
000000r 3               .ifdef	OPLL
000000r 3               	OPLL_Frequency	.byte			nsd::OPLL_Track_FM	;OPLL frequency (FM)
000000r 3               	OPLL_Freq_old	.byte			nsd::OPLL_Track_FM
000000r 3               	OPLL_Reg	.word
000000r 3               	OPLL_Rhythm	.byte						;OPLL Rhythm
000000r 3               .endif
000000r 3               
000000r 3               .ifdef	N163
000000r 3               	N163_num	.byte					;N163 ch number
000000r 3               	N163_Frequency	.byte			nsd::N163_Track	;N163 frequency
000000r 3               .endif
000000r 3               
000000r 3               .ifdef	PSG
000000r 3               	PSG_switch	.byte					;PSG switch
000000r 3               .endif
000000r 3               
000000r 3               .Endstruct
000000r 3               
000000r 3               
000000r 3               
000000r 3               ;---------------------------------------
000000r 3               ;	Defines for work structures
000000r 3               
000000r 3               .scope	nsd_chflag
000000r 3               	SE2	= $80
000000r 3               	SE1	= $40
000000r 3               	Sustain	= $20		;for VRC7
000000r 3               	KeyOn	= $10		;for VRC7
000000r 3               	Envelop	= $10		;for PSG
000000r 3               	FDSVOL	= $0C
000000r 3               	KeyOff	= $03		;00	Key Off	: Vol = 0
000000r 3               				;01	Key Off	: Release command
000000r 3               				;10	Key Off	:  envelop
000000r 3               				;11	Note On	: (envelop)
000000r 3               .endscope
000000r 3               
000000r 3               .scope	nsd_mode
000000r 3               	voiceR		= $F0
000000r 3               	voice		= $08
000000r 3               	gatemode	= $03
000000r 3               .endscope
000000r 3               
000000r 3               
000000r 3               ;RAM Works
000000r 3               .ifdef	HFX4
000000r 3               .define	__Length_ctr	nsd_work + NSD_work::LengthCnt + NSD_Length_Cnt::counter
000000r 3               .define	__Gate		nsd_work + NSD_work::LengthCnt + NSD_Length_Cnt::gate
000000r 3               .else
000000r 3               .define	__Length_ctr	nsd_work_zp + NSD_work_zp::LengthCnt + NSD_Length_Cnt::counter
000000r 3               .define	__Gate		nsd_work_zp + NSD_work_zp::LengthCnt + NSD_Length_Cnt::gate
000000r 3               .endif
000000r 3               
000000r 3               .define	__chflag	nsd_work + NSD_work::Flag + NSD_Flag::flag
000000r 3               .define	__gatemode	nsd_work + NSD_work::Flag + NSD_Flag::gatemode
000000r 3               .define	__tai		nsd_work + NSD_work::Length + NSD_length::tai
000000r 3               .define	__length	nsd_work + NSD_work::Length + NSD_length::length
000000r 3               .define	__gate_q	nsd_work + NSD_work::Gatetime + NSD_gatetime::q
000000r 3               .define	__gate_u	nsd_work + NSD_work::Gatetime + NSD_gatetime::u
000000r 3               .define __note		nsd_work + NSD_work::Note + NSD_note::note
000000r 3               .define	__octave	nsd_work + NSD_work::Note + NSD_note::octave
000000r 3               .define	__detune_cent	nsd_work + NSD_work::Detune + NSD_Detune::cent
000000r 3               .define	__detune_fine	nsd_work + NSD_work::Detune + NSD_Detune::fine
000000r 3               .define	__por_target	nsd_work + NSD_work::Por_Lv + NSD_Por_Lv::target
000000r 3               .define	__por_depth	nsd_work + NSD_work::Por_Lv + NSD_Por_Lv::depth
000000r 3               .define	__por_ctr	nsd_work + NSD_work::Por_Co + NSD_Por_Co::count
000000r 3               .define	__por_rate	nsd_work + NSD_work::Por_Co + NSD_Por_Co::rate
000000r 3               .define __por_now	nsd_work + NSD_work::Por_now
000000r 3               .define	__trans		nsd_work + NSD_work::Trans + NSD_Trans::trans
000000r 3               .define	__trans_one	nsd_work + NSD_work::Trans + NSD_Trans::onetime
000000r 3               .define	__repeat_ctr	nsd_work + NSD_work::Repeat + NSD_Repeat::count1
000000r 3               .define	__repeat_ctr2	nsd_work + NSD_work::Repeat + NSD_Repeat::count2
000000r 3               .define	__volume	nsd_work + NSD_work::Volume + NSD_volume::volume
000000r 3               ;.define	__voice		nsd_work + NSD_work::Voice + NSD_voice::voice
000000r 3               .define	__voice_set	nsd_work + NSD_work::Voice + NSD_voice::voice_set
000000r 3               .define	__frequency	nsd_work + NSD_work::Frequency
000000r 3               .define	__subroutine	nsd_work + NSD_work::SubRoutine
000000r 3               .define	__repeat2	nsd_work + NSD_work::Repeat2
000000r 3               .define	__env_volume	nsd_work + NSD_work::Envelop_Volume
000000r 3               .define	__env_voice	nsd_work + NSD_work::Envelop_Voice
000000r 3               .define	__env_frequency	nsd_work + NSD_work::Envelop_Freq
000000r 3               .define	__env_note	nsd_work + NSD_work::Envelop_Note
000000r 3               .define	__env_vol_ptr	nsd_work + NSD_work::Env_V_Ptr + NSD_Env_V_Ptr::Volume
000000r 3               .define	__env_voi_ptr	nsd_work + NSD_work::Env_V_Ptr + NSD_Env_V_Ptr::Voice
000000r 3               .define	__env_freq_ptr	nsd_work + NSD_work::Env_F_Ptr + NSD_Env_F_Ptr::Frequency
000000r 3               .define	__env_note_ptr	nsd_work + NSD_work::Env_F_Ptr + NSD_Env_F_Ptr::Note
000000r 3               ;	voiceに関しては、その後の演算は無いので、更新されない場合はエンベロープ処理を終了する。
000000r 3               .define	__env_vol_now	nsd_work + NSD_work::Volume + NSD_volume::volume_env
000000r 3               .define	__env_freq_now	nsd_work + NSD_work::Env_F_Now + NSD_Env_F_Now::Frequency
000000r 3               .define	__env_note_now	nsd_work + NSD_work::Env_F_Now + NSD_Env_F_Now::Note
000000r 3               
000000r 3               .define	__sweep_ch1	nsd_work + NSD_work::Volume + NSD_volume::volume_env + nsd::TR_BGM3
000000r 3               .define	__sweep_ch2	nsd_work + NSD_work::Volume + NSD_volume::volume_env + nsd::TR_BGM5
000000r 3               
000000r 3               
000000r 3               .define	__apu_frequency1	nsd_work + NSD_work::Por_Lv + nsd::TR_BGM5		;.byte
000000r 3               .define	__apu_frequency2	nsd_work + NSD_work::Por_Lv + nsd::TR_BGM5 + 1		;.byte
000000r 3               .define	__apu_frequency3	nsd_work + NSD_work::Por_Co + nsd::TR_BGM5		;.byte
000000r 3               .define	__se_frequency		nsd_work + NSD_work::Por_Co + nsd::TR_BGM5 + 1		;.byte
000000r 3               .define	__dpcm_info		nsd_work + NSD_work::Env_V_Ptr + nsd::TR_BGM5		;.word
000000r 3               
000000r 3               .ifdef	MMC5
000000r 3               .define	__mmc5_frequency1	nsd_work + NSD_work::MMC5_Frequency + 0
000000r 3               .define	__mmc5_frequency2	nsd_work + NSD_work::MMC5_Frequency + 1
000000r 3               .endif
000000r 3               
000000r 3               .ifdef	FDS
000000r 3               .define	__fds_frequency		nsd_work + NSD_work::FDS_Frequency
000000r 3               .define	__fds_sweepbias		nsd_work + NSD_work::FDS_SweepBias
000000r 3               .endif
000000r 3               
000000r 3               .ifdef	VRC7
000000r 3               .define	__vrc7_frequency	nsd_work + NSD_work::VRC7_Frequency
000000r 3               .define	__vrc7_freq_old		nsd_work + NSD_work::VRC7_Freq_old
000000r 3               .define	__vrc7_reg		nsd_work + NSD_work::VRC7_Reg
000000r 3               .endif
000000r 3               
000000r 3               .ifdef	OPLL
000000r 3               .define	__opll_frequency	nsd_work + NSD_work::OPLL_Frequency
000000r 3               .define	__opll_freq_old		nsd_work + NSD_work::OPLL_Freq_old
000000r 3               .define	__opll_reg		nsd_work + NSD_work::OPLL_Reg
000000r 3               .define	__opll_ryhthm		nsd_work + NSD_work::OPLL_Rhythm
000000r 3               .endif
000000r 3               
000000r 3               .ifdef	N163
000000r 3               .define	__n163_num		nsd_work + NSD_work::N163_num
000000r 3               .define	__n163_frequency	nsd_work + NSD_work::N163_Frequency
000000r 3               .endif
000000r 3               
000000r 3               .ifdef	PSG
000000r 3               .define	__psg_switch		nsd_work + NSD_work::PSG_switch
000000r 3               .endif
000000r 3               
000000r 3               
000000r 3               
000000r 3               
000000r 3               
000000r 3               ;=======================================================================
000000r 3               ;		Struct of DPCM
000000r 3               ;-----------------------------------------------------------------------
000000r 3               .Struct		nsd_dpcm
000000r 3               	Control		.byte		;I/O 0x4010
000000r 3               	DA		.byte		;I/O 0x4011
000000r 3               	Address		.byte		;I/O 0x4012
000000r 3               	Size		.byte		;I/O 0x4013
000000r 3               .ifdef	DPCMBank
000000r 3               	Bank		.byte		;Bank number
000000r 3               	Next		.byte		;Next number(note)
000000r 3               .endif
000000r 3               .Endstruct
000000r 3               
000000r 3               
000000r 3               
000000r 3               
000000r 3               
000000r 3               ;****************************************************************
000000r 3               ;*	Macros							*
000000r 3               ;****************************************************************
000000r 3               
000000r 3               ;=======================================================================
000000r 3               ;	void	NSD_MAIN_BGM()
000000r 3               ;-----------------------------------------------------------------------
000000r 3               ;<<Contents>>
000000r 3               ;	BGM main routine
000000r 3               ;<<Input>>
000000r 3               ;	none
000000r 3               ;<<Output>>
000000r 3               ;	none
000000r 3               ;=======================================================================
000000r 3               .macro	NSD_MAIN_BGM
000000r 3               	.local	BGM_Begin
000000r 3               	.local	BGM_SEQ_Exit
000000r 3               	.local	BGM_Exit
000000r 3               
000000r 3               	lda	#nsd_flag::BGM
000000r 3               	bit	__flag
000000r 3               	jne	BGM_Exit		;BGM disable ?
000000r 3               
000000r 3               	;-------------------------------
000000r 3               	;Tempo
000000r 3               	lda	__Tempo_ctr
000000r 3               	add	__Tempo
000000r 3               	sta	__Tempo_ctr
000000r 3               	jcc	BGM_SEQ_Exit
000000r 3               
000000r 3               	;-------------------------------
000000r 3               	;BGM
000000r 3               BGM_Begin:
000000r 3               	.repeat	nsd::BGM_Track, I
000000r 3               		ldx	#I*2 + nsd::TR_BGM1
000000r 3               		jsr	nsd_sequence
000000r 3               	.endrepeat
000000r 3               
000000r 3               	lda	__Tempo_ctr
000000r 3               	sub	#150
000000r 3               	sta	__Tempo_ctr
000000r 3               	cmp	#106
000000r 3               	jcc	BGM_Begin
000000r 3               
000000r 3               BGM_SEQ_Exit:
000000r 3               
000000r 3               	;-------
000000r 3               	;Envelop
000000r 3               	.repeat	nsd::BGM_Track, I
000000r 3               	  ;No envelope: DPCM, NULL
000000r 3               	  .if	(I <> 4) && (!(.defined(NULL) && (I = (nsd::TR_NULL / 2))))
000000r 3               		ldx	#I*2 + nsd::TR_BGM1
000000r 3               		jsr	nsd_envelop
000000r 3               	  .endif
000000r 3               	.endrepeat
000000r 3               
000000r 3               BGM_Exit:
000000r 3               
000000r 3               .endmacro
000000r 3               
000000r 3               ;=======================================================================
000000r 3               ;	void	NSD_MAIN_SE()
000000r 3               ;-----------------------------------------------------------------------
000000r 3               ;<<Contents>>
000000r 3               ;	SE main routine
000000r 3               ;<<Input>>
000000r 3               ;	none
000000r 3               ;<<Output>>
000000r 3               ;	none
000000r 3               ;=======================================================================
000000r 3               .macro	NSD_MAIN_SE
000000r 3               	.local	SE0
000000r 3               	.local	SE1
000000r 3               	.local	SE_Exit
000000r 3               
000000r 3               	lda	#nsd_flag::SE
000000r 3               	bit	__flag
000000r 3               	bne	SE_Exit			;SE disable ?
000000r 3               
000000r 3               	ldx	#nsd::TR_SE1
000000r 3               	lda	__Sequence_ptr + 1,x
000000r 3               .ifdef	DPCMBank
000000r 3               	ora	__Sequence_ptr,x
000000r 3               .endif
000000r 3               	beq	SE0
000000r 3               	jsr	nsd_sequence
000000r 3               	jsr	nsd_envelop
000000r 3               SE0:
000000r 3               	ldx	#nsd::TR_SE2
000000r 3               	lda	__Sequence_ptr + 1,x
000000r 3               .ifdef	DPCMBank
000000r 3               	ora	__Sequence_ptr,x
000000r 3               .endif
000000r 3               	beq	SE1
000000r 3               	jsr	nsd_sequence
000000r 3               	jsr	nsd_envelop
000000r 3               	jmp	SE_Exit
000000r 3               SE1:
000000r 3               	ora	__Sequence_ptr + nsd::TR_SE1 + 1
000000r 3               .ifdef	DPCMBank
000000r 3               	ora	__Sequence_ptr + nsd::TR_SE1
000000r 3               .endif
000000r 3               	bne	SE_Exit
000000r 3               
000000r 3               	;SE Disable
000000r 3               	lda	#nsd_flag::SE
000000r 3               	ora	__flag
000000r 3               	sta	__flag
000000r 3               SE_Exit:
000000r 3               
000000r 3               
000000r 3               .endmacro
000000r 3               
000000r 2               
000000r 2               ;****************************************************************
000000r 2               ;*		Function of Library				*
000000r 2               ;****************************************************************
000000r 2               ;-----------------------------------------------
000000r 2               ;	void	__fastcall__	nsd_main(void);
000000r 2               ;-----------------------------------------------
000000r 2               ;	Summary :		main routine of this sound driver
000000r 2               ;	Arguments :		None
000000r 2               ;	Return :		None
000000r 2               ;	Modifies :		A X Y
000000r 2               ;	Useage :		Call by 60[Hz].  e.g. V-Blank
000000r 2               ;-----------------------------------------------
000000r 2               	.import		_nsd_main
000000r 2               	.import		_nsd_main_bgm
000000r 2               	.import		_nsd_main_se
000000r 2               
000000r 2               
000000r 2               ;-----------------------------------------------
000000r 2               ;	void	__fastcall__	nsd_init(void);
000000r 2               ;-----------------------------------------------
000000r 2               ;	Summary :		Initraize this sound driver.
000000r 2               ;	Arguments :		None
000000r 2               ;	Return :		None
000000r 2               ;	Modifies :		A X Y
000000r 2               ;	Useage :		Call when start up.
000000r 2               ;-----------------------------------------------
000000r 2               	.import		_nsd_init
000000r 2               
000000r 2               
000000r 2               ;-----------------------------------------------
000000r 2               ;	void	__fastcall__	nsd_set_dpcm(nsd_dpcm* dpcm);
000000r 2               ;-----------------------------------------------
000000r 2               ;	Summary :		Set the Delta PCM information.
000000r 2               ;	Arguments :	AX	Pointer of the Delta PCM information.
000000r 2               ;	Return :		None
000000r 2               ;	Modifies :		A X Y
000000r 2               ;-----------------------------------------------
000000r 2               	.import		_nsd_set_dpcm
000000r 2               
000000r 2               
000000r 2               ;-----------------------------------------------
000000r 2               ;	void	__fastcall__	nsd_play_bgm(void* ptr);
000000r 2               ;-----------------------------------------------
000000r 2               ;	Summary :		Play the BGM
000000r 2               ;	Arguments :	AX	Pointer of the BGM data.
000000r 2               ;	Return :		None
000000r 2               ;	Modifies :		A X Y
000000r 2               ;-----------------------------------------------
000000r 2               	.import		_nsd_play_bgm
000000r 2               
000000r 2               
000000r 2               ;-----------------------------------------------
000000r 2               ;	void	__fastcall__	nsd_stop_bgm(void);
000000r 2               ;-----------------------------------------------
000000r 2               ;	Summary :		Stop the BGM
000000r 2               ;	Arguments :		None
000000r 2               ;	Return :		None
000000r 2               ;	Modifies :		A X Y
000000r 2               ;-----------------------------------------------
000000r 2               	.import		_nsd_stop_bgm
000000r 2               
000000r 2               
000000r 2               ;-----------------------------------------------
000000r 2               ;	void	__fastcall__	nsd_pause_bgm(void);
000000r 2               ;-----------------------------------------------
000000r 2               ;	Summary :		Pause the BGM
000000r 2               ;	Arguments :		None
000000r 2               ;	Return :		None
000000r 2               ;	Modifies :		A X Y
000000r 2               ;-----------------------------------------------
000000r 2               	.import		_nsd_pause_bgm
000000r 2               
000000r 2               
000000r 2               ;-----------------------------------------------
000000r 2               ;	void	__fastcall__	nsd_resume_bgm(void);
000000r 2               ;-----------------------------------------------
000000r 2               ;	Summary :		Resume the BGM
000000r 2               ;	Arguments :		None
000000r 2               ;	Return :		None
000000r 2               ;	Modifies :		A X Y
000000r 2               ;-----------------------------------------------
000000r 2               	.import		_nsd_resume_bgm
000000r 2               
000000r 2               
000000r 2               ;-----------------------------------------------
000000r 2               ;	void	__fastcall__	nsd_play_se(void* ptr);
000000r 2               ;-----------------------------------------------
000000r 2               ;	Summary :		Play the SE
000000r 2               ;	Arguments :	AX	Pointer of the SE data.
000000r 2               ;	Return :		None
000000r 2               ;	Modifies :		A X Y
000000r 2               ;-----------------------------------------------
000000r 2               	.import		_nsd_play_se
000000r 2               
000000r 2               
000000r 2               ;-----------------------------------------------
000000r 2               ;	void	__fastcall__	nsd_stop_se(void);
000000r 2               ;-----------------------------------------------
000000r 2               ;	Summary :		Stop the SE
000000r 2               ;	Arguments :		None
000000r 2               ;	Return :		None
000000r 2               ;	Modifies :		A X Y
000000r 2               ;-----------------------------------------------
000000r 2               	.import		_nsd_stop_se
000000r 2               
000000r 2               
000000r 2               
000000r 2               ;-----------------------------------------------
000000r 2               ;	Work area of nsd.lib
000000r 2               ;-----------------------------------------------
000000r 2               	.importzp	nsd_work_zp
000000r 2               	.import		nsd_work
000000r 2               
000000r 2               
000000r 2               
000000r 2               
000000r 1               
000000r 1               ; ------------------------------------------------------------------------
000000r 1               ; play
000000r 1               ; ------------------------------------------------------------------------
000000r 1               
000000r 1               .rodata
000000r 1               
000000r 1               ;Address of D-PCM information
000000r 1  rr rr        dpcm_info:	.addr	_Test_DPCMinfo
000002r 1               
000002r 1               ;Address of BGM Sequence
000002r 1  rr rr        bgm_00:		.addr	_Test_BGM0
000004r 1               
000004r 1               
000004r 1               .code
000000r 1               .proc	_bgm_play
000000r 1               
000000r 1               	;---------------
000000r 1               	;Set D-PCM information to nsd.lib
000000r 1  AD rr rr     	lda	dpcm_info
000003r 1  AE rr rr     	ldx	dpcm_info + 1
000006r 1  20 rr rr     	jsr	_nsd_set_dpcm
000009r 1               
000009r 1               	;---------------
000009r 1               	;Play BGM
000009r 1  AD rr rr     	lda	bgm_00
00000Cr 1  AE rr rr     	ldx	bgm_00 + 1
00000Fr 1  20 rr rr     	jsr	_nsd_play_bgm
000012r 1               
000012r 1  60           	rts
000013r 1               
000013r 1               .endproc
000013r 1               
000013r 1               ; ------------------------------------------------------------------------
000013r 1               ; main
000013r 1               ; ------------------------------------------------------------------------
000013r 1               .code
000013r 1               
000013r 1               .proc	_main
000013r 1               
000013r 1  A9 00        	lda	#$0
000015r 1  20 rr rr     	jsr	_bgm_play
000018r 1               
000018r 1               @loop:
000018r 1               	;---------------
000018r 1               	; Wait for vblank
000018r 1  AD 02 20     @wait:	lda	PPU_STATUS
00001Br 1  10 FB        	bpl	@wait
00001Dr 1               
00001Dr 1               
00001Dr 1               
00001Dr 1  4C rr rr     	jmp	@loop
000020r 1               
000020r 1  60           	rts
000021r 1               
000021r 1               .endproc
000021r 1               
